{"meta": {"format": 3, "version": "7.8.0", "timestamp": "2025-06-20T22:58:29.127457", "branch_coverage": false, "show_contexts": false}, "files": {"app/__init__.py": {"executed_lines": [0], "summary": {"covered_lines": 0, "num_statements": 0, "percent_covered": 100.0, "percent_covered_display": "100", "missing_lines": 0, "excluded_lines": 0}, "missing_lines": [], "excluded_lines": [], "functions": {"": {"executed_lines": [], "summary": {"covered_lines": 0, "num_statements": 0, "percent_covered": 100.0, "percent_covered_display": "100", "missing_lines": 0, "excluded_lines": 0}, "missing_lines": [], "excluded_lines": []}}, "classes": {"": {"executed_lines": [], "summary": {"covered_lines": 0, "num_statements": 0, "percent_covered": 100.0, "percent_covered_display": "100", "missing_lines": 0, "excluded_lines": 0}, "missing_lines": [], "excluded_lines": []}}}, "app/adapters/repositories/background_job.py": {"executed_lines": [1, 2, 3, 5, 7, 8, 11, 12, 17, 18, 20, 22, 23, 24, 25, 27, 29, 31, 33, 35, 37, 44, 46, 53, 55, 63, 91, 93, 94, 95, 97, 99, 100, 101, 102, 103, 104, 106, 108, 115, 117, 120, 130, 131, 132, 134, 135], "summary": {"covered_lines": 46, "num_statements": 52, "percent_covered": 88.46153846153847, "percent_covered_display": "88", "missing_lines": 6, "excluded_lines": 0}, "missing_lines": [74, 82, 84, 85, 87, 89], "excluded_lines": [], "functions": {"SQLAlchemyBackgroundJobRepository.__init__": {"executed_lines": [18], "summary": {"covered_lines": 1, "num_statements": 1, "percent_covered": 100.0, "percent_covered_display": "100", "missing_lines": 0, "excluded_lines": 0}, "missing_lines": [], "excluded_lines": []}, "SQLAlchemyBackgroundJobRepository.create": {"executed_lines": [22, 23, 24, 25], "summary": {"covered_lines": 4, "num_statements": 4, "percent_covered": 100.0, "percent_covered_display": "100", "missing_lines": 0, "excluded_lines": 0}, "missing_lines": [], "excluded_lines": []}, "SQLAlchemyBackgroundJobRepository.get_by_id": {"executed_lines": [29], "summary": {"covered_lines": 1, "num_statements": 1, "percent_covered": 100.0, "percent_covered_display": "100", "missing_lines": 0, "excluded_lines": 0}, "missing_lines": [], "excluded_lines": []}, "SQLAlchemyBackgroundJobRepository.get_all": {"executed_lines": [33], "summary": {"covered_lines": 1, "num_statements": 1, "percent_covered": 100.0, "percent_covered_display": "100", "missing_lines": 0, "excluded_lines": 0}, "missing_lines": [], "excluded_lines": []}, "SQLAlchemyBackgroundJobRepository.get_by_status": {"executed_lines": [37], "summary": {"covered_lines": 1, "num_statements": 1, "percent_covered": 100.0, "percent_covered_display": "100", "missing_lines": 0, "excluded_lines": 0}, "missing_lines": [], "excluded_lines": []}, "SQLAlchemyBackgroundJobRepository.get_by_type": {"executed_lines": [46], "summary": {"covered_lines": 1, "num_statements": 1, "percent_covered": 100.0, "percent_covered_display": "100", "missing_lines": 0, "excluded_lines": 0}, "missing_lines": [], "excluded_lines": []}, "SQLAlchemyBackgroundJobRepository.get_pending_jobs": {"executed_lines": [55], "summary": {"covered_lines": 1, "num_statements": 1, "percent_covered": 100.0, "percent_covered_display": "100", "missing_lines": 0, "excluded_lines": 0}, "missing_lines": [], "excluded_lines": []}, "SQLAlchemyBackgroundJobRepository.claim_single_pending_job": {"executed_lines": [], "summary": {"covered_lines": 0, "num_statements": 6, "percent_covered": 0.0, "percent_covered_display": "0", "missing_lines": 6, "excluded_lines": 0}, "missing_lines": [74, 82, 84, 85, 87, 89], "excluded_lines": []}, "SQLAlchemyBackgroundJobRepository.update": {"executed_lines": [93, 94, 95], "summary": {"covered_lines": 3, "num_statements": 3, "percent_covered": 100.0, "percent_covered_display": "100", "missing_lines": 0, "excluded_lines": 0}, "missing_lines": [], "excluded_lines": []}, "SQLAlchemyBackgroundJobRepository.delete": {"executed_lines": [99, 100, 101, 102, 103, 104], "summary": {"covered_lines": 6, "num_statements": 6, "percent_covered": 100.0, "percent_covered_display": "100", "missing_lines": 0, "excluded_lines": 0}, "missing_lines": [], "excluded_lines": []}, "SQLAlchemyBackgroundJobRepository.get_jobs_by_uploaded_file_id": {"executed_lines": [108], "summary": {"covered_lines": 1, "num_statements": 1, "percent_covered": 100.0, "percent_covered_display": "100", "missing_lines": 0, "excluded_lines": 0}, "missing_lines": [], "excluded_lines": []}, "SQLAlchemyBackgroundJobRepository.cleanup_completed_jobs": {"executed_lines": [117, 120, 130, 131, 132, 134, 135], "summary": {"covered_lines": 7, "num_statements": 7, "percent_covered": 100.0, "percent_covered_display": "100", "missing_lines": 0, "excluded_lines": 0}, "missing_lines": [], "excluded_lines": []}, "": {"executed_lines": [1, 2, 3, 5, 7, 8, 11, 12, 17, 20, 27, 31, 35, 44, 53, 63, 91, 97, 106, 115], "summary": {"covered_lines": 19, "num_statements": 19, "percent_covered": 100.0, "percent_covered_display": "100", "missing_lines": 0, "excluded_lines": 0}, "missing_lines": [], "excluded_lines": []}}, "classes": {"SQLAlchemyBackgroundJobRepository": {"executed_lines": [18, 22, 23, 24, 25, 29, 33, 37, 46, 55, 93, 94, 95, 99, 100, 101, 102, 103, 104, 108, 117, 120, 130, 131, 132, 134, 135], "summary": {"covered_lines": 27, "num_statements": 33, "percent_covered": 81.81818181818181, "percent_covered_display": "82", "missing_lines": 6, "excluded_lines": 0}, "missing_lines": [74, 82, 84, 85, 87, 89], "excluded_lines": []}, "": {"executed_lines": [1, 2, 3, 5, 7, 8, 11, 12, 17, 20, 27, 31, 35, 44, 53, 63, 91, 97, 106, 115], "summary": {"covered_lines": 19, "num_statements": 19, "percent_covered": 100.0, "percent_covered_display": "100", "missing_lines": 0, "excluded_lines": 0}, "missing_lines": [], "excluded_lines": []}}}, "app/adapters/repositories/category.py": {"executed_lines": [1, 2, 4, 6, 7, 10, 11, 16, 17, 19, 25, 28, 31, 34, 37, 42], "summary": {"covered_lines": 15, "num_statements": 32, "percent_covered": 46.875, "percent_covered_display": "47", "missing_lines": 17, "excluded_lines": 0}, "missing_lines": [20, 21, 22, 23, 26, 29, 32, 35, 38, 39, 40, 43, 44, 45, 46, 47, 48], "excluded_lines": [], "functions": {"SQLAlchemyCategoryRepository.__init__": {"executed_lines": [17], "summary": {"covered_lines": 1, "num_statements": 1, "percent_covered": 100.0, "percent_covered_display": "100", "missing_lines": 0, "excluded_lines": 0}, "missing_lines": [], "excluded_lines": []}, "SQLAlchemyCategoryRepository.create": {"executed_lines": [], "summary": {"covered_lines": 0, "num_statements": 4, "percent_covered": 0.0, "percent_covered_display": "0", "missing_lines": 4, "excluded_lines": 0}, "missing_lines": [20, 21, 22, 23], "excluded_lines": []}, "SQLAlchemyCategoryRepository.get_by_id": {"executed_lines": [], "summary": {"covered_lines": 0, "num_statements": 1, "percent_covered": 0.0, "percent_covered_display": "0", "missing_lines": 1, "excluded_lines": 0}, "missing_lines": [26], "excluded_lines": []}, "SQLAlchemyCategoryRepository.get_all": {"executed_lines": [], "summary": {"covered_lines": 0, "num_statements": 1, "percent_covered": 0.0, "percent_covered_display": "0", "missing_lines": 1, "excluded_lines": 0}, "missing_lines": [29], "excluded_lines": []}, "SQLAlchemyCategoryRepository.get_root_categories": {"executed_lines": [], "summary": {"covered_lines": 0, "num_statements": 1, "percent_covered": 0.0, "percent_covered_display": "0", "missing_lines": 1, "excluded_lines": 0}, "missing_lines": [32], "excluded_lines": []}, "SQLAlchemyCategoryRepository.get_subcategories": {"executed_lines": [], "summary": {"covered_lines": 0, "num_statements": 1, "percent_covered": 0.0, "percent_covered_display": "0", "missing_lines": 1, "excluded_lines": 0}, "missing_lines": [35], "excluded_lines": []}, "SQLAlchemyCategoryRepository.update": {"executed_lines": [], "summary": {"covered_lines": 0, "num_statements": 3, "percent_covered": 0.0, "percent_covered_display": "0", "missing_lines": 3, "excluded_lines": 0}, "missing_lines": [38, 39, 40], "excluded_lines": []}, "SQLAlchemyCategoryRepository.delete": {"executed_lines": [], "summary": {"covered_lines": 0, "num_statements": 6, "percent_covered": 0.0, "percent_covered_display": "0", "missing_lines": 6, "excluded_lines": 0}, "missing_lines": [43, 44, 45, 46, 47, 48], "excluded_lines": []}, "": {"executed_lines": [1, 2, 4, 6, 7, 10, 11, 16, 19, 25, 28, 31, 34, 37, 42], "summary": {"covered_lines": 14, "num_statements": 14, "percent_covered": 100.0, "percent_covered_display": "100", "missing_lines": 0, "excluded_lines": 0}, "missing_lines": [], "excluded_lines": []}}, "classes": {"SQLAlchemyCategoryRepository": {"executed_lines": [17], "summary": {"covered_lines": 1, "num_statements": 18, "percent_covered": 5.555555555555555, "percent_covered_display": "6", "missing_lines": 17, "excluded_lines": 0}, "missing_lines": [20, 21, 22, 23, 26, 29, 32, 35, 38, 39, 40, 43, 44, 45, 46, 47, 48], "excluded_lines": []}, "": {"executed_lines": [1, 2, 4, 6, 7, 10, 11, 16, 19, 25, 28, 31, 34, 37, 42], "summary": {"covered_lines": 14, "num_statements": 14, "percent_covered": 100.0, "percent_covered_display": "100", "missing_lines": 0, "excluded_lines": 0}, "missing_lines": [], "excluded_lines": []}}}, "app/adapters/repositories/initial_balance.py": {"executed_lines": [1, 2, 3, 5, 7, 8, 11, 12, 13, 15, 21, 24, 34, 42, 54, 62, 67], "summary": {"covered_lines": 17, "num_statements": 35, "percent_covered": 48.57142857142857, "percent_covered_display": "49", "missing_lines": 18, "excluded_lines": 0}, "missing_lines": [16, 17, 18, 19, 22, 25, 35, 44, 55, 63, 64, 65, 68, 69, 70, 71, 72, 73], "excluded_lines": [], "functions": {"SQLAlchemyInitialBalanceRepository.__init__": {"executed_lines": [13], "summary": {"covered_lines": 1, "num_statements": 1, "percent_covered": 100.0, "percent_covered_display": "100", "missing_lines": 0, "excluded_lines": 0}, "missing_lines": [], "excluded_lines": []}, "SQLAlchemyInitialBalanceRepository.create": {"executed_lines": [], "summary": {"covered_lines": 0, "num_statements": 4, "percent_covered": 0.0, "percent_covered_display": "0", "missing_lines": 4, "excluded_lines": 0}, "missing_lines": [16, 17, 18, 19], "excluded_lines": []}, "SQLAlchemyInitialBalanceRepository.get_by_id": {"executed_lines": [], "summary": {"covered_lines": 0, "num_statements": 1, "percent_covered": 0.0, "percent_covered_display": "0", "missing_lines": 1, "excluded_lines": 0}, "missing_lines": [22], "excluded_lines": []}, "SQLAlchemyInitialBalanceRepository.get_by_source_and_date": {"executed_lines": [], "summary": {"covered_lines": 0, "num_statements": 1, "percent_covered": 0.0, "percent_covered_display": "0", "missing_lines": 1, "excluded_lines": 0}, "missing_lines": [25], "excluded_lines": []}, "SQLAlchemyInitialBalanceRepository.get_latest_by_source": {"executed_lines": [], "summary": {"covered_lines": 0, "num_statements": 1, "percent_covered": 0.0, "percent_covered_display": "0", "missing_lines": 1, "excluded_lines": 0}, "missing_lines": [35], "excluded_lines": []}, "SQLAlchemyInitialBalanceRepository.get_latest_by_source_and_date": {"executed_lines": [], "summary": {"covered_lines": 0, "num_statements": 1, "percent_covered": 0.0, "percent_covered_display": "0", "missing_lines": 1, "excluded_lines": 0}, "missing_lines": [44], "excluded_lines": []}, "SQLAlchemyInitialBalanceRepository.get_all_by_source": {"executed_lines": [], "summary": {"covered_lines": 0, "num_statements": 1, "percent_covered": 0.0, "percent_covered_display": "0", "missing_lines": 1, "excluded_lines": 0}, "missing_lines": [55], "excluded_lines": []}, "SQLAlchemyInitialBalanceRepository.update": {"executed_lines": [], "summary": {"covered_lines": 0, "num_statements": 3, "percent_covered": 0.0, "percent_covered_display": "0", "missing_lines": 3, "excluded_lines": 0}, "missing_lines": [63, 64, 65], "excluded_lines": []}, "SQLAlchemyInitialBalanceRepository.delete": {"executed_lines": [], "summary": {"covered_lines": 0, "num_statements": 6, "percent_covered": 0.0, "percent_covered_display": "0", "missing_lines": 6, "excluded_lines": 0}, "missing_lines": [68, 69, 70, 71, 72, 73], "excluded_lines": []}, "": {"executed_lines": [1, 2, 3, 5, 7, 8, 11, 12, 15, 21, 24, 34, 42, 54, 62, 67], "summary": {"covered_lines": 16, "num_statements": 16, "percent_covered": 100.0, "percent_covered_display": "100", "missing_lines": 0, "excluded_lines": 0}, "missing_lines": [], "excluded_lines": []}}, "classes": {"SQLAlchemyInitialBalanceRepository": {"executed_lines": [13], "summary": {"covered_lines": 1, "num_statements": 19, "percent_covered": 5.2631578947368425, "percent_covered_display": "5", "missing_lines": 18, "excluded_lines": 0}, "missing_lines": [16, 17, 18, 19, 22, 25, 35, 44, 55, 63, 64, 65, 68, 69, 70, 71, 72, 73], "excluded_lines": []}, "": {"executed_lines": [1, 2, 3, 5, 7, 8, 11, 12, 15, 21, 24, 34, 42, 54, 62, 67], "summary": {"covered_lines": 16, "num_statements": 16, "percent_covered": 100.0, "percent_covered_display": "100", "missing_lines": 0, "excluded_lines": 0}, "missing_lines": [], "excluded_lines": []}}}, "app/adapters/repositories/source.py": {"executed_lines": [1, 2, 4, 6, 7, 10, 11, 12, 14, 20, 23, 26, 29, 34], "summary": {"covered_lines": 14, "num_statements": 28, "percent_covered": 50.0, "percent_covered_display": "50", "missing_lines": 14, "excluded_lines": 0}, "missing_lines": [15, 16, 17, 18, 21, 24, 27, 30, 31, 32, 35, 36, 37, 38], "excluded_lines": [], "functions": {"SQLAlchemySourceRepository.__init__": {"executed_lines": [12], "summary": {"covered_lines": 1, "num_statements": 1, "percent_covered": 100.0, "percent_covered_display": "100", "missing_lines": 0, "excluded_lines": 0}, "missing_lines": [], "excluded_lines": []}, "SQLAlchemySourceRepository.create": {"executed_lines": [], "summary": {"covered_lines": 0, "num_statements": 4, "percent_covered": 0.0, "percent_covered_display": "0", "missing_lines": 4, "excluded_lines": 0}, "missing_lines": [15, 16, 17, 18], "excluded_lines": []}, "SQLAlchemySourceRepository.get_by_id": {"executed_lines": [], "summary": {"covered_lines": 0, "num_statements": 1, "percent_covered": 0.0, "percent_covered_display": "0", "missing_lines": 1, "excluded_lines": 0}, "missing_lines": [21], "excluded_lines": []}, "SQLAlchemySourceRepository.get_by_name": {"executed_lines": [], "summary": {"covered_lines": 0, "num_statements": 1, "percent_covered": 0.0, "percent_covered_display": "0", "missing_lines": 1, "excluded_lines": 0}, "missing_lines": [24], "excluded_lines": []}, "SQLAlchemySourceRepository.get_all": {"executed_lines": [], "summary": {"covered_lines": 0, "num_statements": 1, "percent_covered": 0.0, "percent_covered_display": "0", "missing_lines": 1, "excluded_lines": 0}, "missing_lines": [27], "excluded_lines": []}, "SQLAlchemySourceRepository.update": {"executed_lines": [], "summary": {"covered_lines": 0, "num_statements": 3, "percent_covered": 0.0, "percent_covered_display": "0", "missing_lines": 3, "excluded_lines": 0}, "missing_lines": [30, 31, 32], "excluded_lines": []}, "SQLAlchemySourceRepository.delete": {"executed_lines": [], "summary": {"covered_lines": 0, "num_statements": 4, "percent_covered": 0.0, "percent_covered_display": "0", "missing_lines": 4, "excluded_lines": 0}, "missing_lines": [35, 36, 37, 38], "excluded_lines": []}, "": {"executed_lines": [1, 2, 4, 6, 7, 10, 11, 14, 20, 23, 26, 29, 34], "summary": {"covered_lines": 13, "num_statements": 13, "percent_covered": 100.0, "percent_covered_display": "100", "missing_lines": 0, "excluded_lines": 0}, "missing_lines": [], "excluded_lines": []}}, "classes": {"SQLAlchemySourceRepository": {"executed_lines": [12], "summary": {"covered_lines": 1, "num_statements": 15, "percent_covered": 6.666666666666667, "percent_covered_display": "7", "missing_lines": 14, "excluded_lines": 0}, "missing_lines": [15, 16, 17, 18, 21, 24, 27, 30, 31, 32, 35, 36, 37, 38], "excluded_lines": []}, "": {"executed_lines": [1, 2, 4, 6, 7, 10, 11, 14, 20, 23, 26, 29, 34], "summary": {"covered_lines": 13, "num_statements": 13, "percent_covered": 100.0, "percent_covered_display": "100", "missing_lines": 0, "excluded_lines": 0}, "missing_lines": [], "excluded_lines": []}}}, "app/adapters/repositories/transaction.py": {"executed_lines": [1, 2, 3, 4, 6, 7, 9, 10, 11, 12, 15, 16, 21, 22, 24, 30, 33, 36, 54, 126, 199, 204, 212, 223, 226, 229, 232, 239, 240, 242, 244, 248, 249, 250, 252, 254, 255, 256, 257, 259, 262, 272, 273, 274, 275, 276, 277, 278, 281, 282, 283, 284, 287, 288, 291, 303, 304, 306, 307, 309, 310, 312, 321, 322, 329, 347, 358, 390], "summary": {"covered_lines": 67, "num_statements": 178, "percent_covered": 37.640449438202246, "percent_covered_display": "38", "missing_lines": 111, "excluded_lines": 0}, "missing_lines": [25, 26, 27, 28, 31, 34, 43, 48, 49, 52, 72, 75, 78, 79, 82, 83, 86, 87, 88, 89, 92, 93, 94, 102, 103, 106, 107, 108, 109, 111, 112, 115, 118, 119, 122, 124, 140, 147, 150, 151, 154, 155, 158, 159, 160, 161, 164, 165, 166, 174, 175, 178, 179, 180, 181, 183, 184, 187, 190, 191, 192, 197, 200, 201, 202, 205, 206, 207, 208, 209, 210, 289, 313, 333, 336, 342, 343, 345, 351, 356, 363, 365, 366, 367, 368, 370, 372, 374, 385, 386, 387, 388, 393, 394, 397, 398, 399, 402, 403, 404, 405, 406, 407, 408, 409, 410, 411, 414, 417, 418, 420], "excluded_lines": [], "functions": {"SQLAlchemyTransactionRepository.__init__": {"executed_lines": [22], "summary": {"covered_lines": 1, "num_statements": 1, "percent_covered": 100.0, "percent_covered_display": "100", "missing_lines": 0, "excluded_lines": 0}, "missing_lines": [], "excluded_lines": []}, "SQLAlchemyTransactionRepository.create": {"executed_lines": [], "summary": {"covered_lines": 0, "num_statements": 4, "percent_covered": 0.0, "percent_covered_display": "0", "missing_lines": 4, "excluded_lines": 0}, "missing_lines": [25, 26, 27, 28], "excluded_lines": []}, "SQLAlchemyTransactionRepository.get_by_id": {"executed_lines": [], "summary": {"covered_lines": 0, "num_statements": 1, "percent_covered": 0.0, "percent_covered_display": "0", "missing_lines": 1, "excluded_lines": 0}, "missing_lines": [31], "excluded_lines": []}, "SQLAlchemyTransactionRepository.get_all": {"executed_lines": [], "summary": {"covered_lines": 0, "num_statements": 1, "percent_covered": 0.0, "percent_covered_display": "0", "missing_lines": 1, "excluded_lines": 0}, "missing_lines": [34], "excluded_lines": []}, "SQLAlchemyTransactionRepository.get_all_by_source_and_date_range": {"executed_lines": [], "summary": {"covered_lines": 0, "num_statements": 4, "percent_covered": 0.0, "percent_covered_display": "0", "missing_lines": 4, "excluded_lines": 0}, "missing_lines": [43, 48, 49, 52], "excluded_lines": []}, "SQLAlchemyTransactionRepository.get_paginated": {"executed_lines": [], "summary": {"covered_lines": 0, "num_statements": 26, "percent_covered": 0.0, "percent_covered_display": "0", "missing_lines": 26, "excluded_lines": 0}, "missing_lines": [72, 75, 78, 79, 82, 83, 86, 87, 88, 89, 92, 93, 94, 102, 103, 106, 107, 108, 109, 111, 112, 115, 118, 119, 122, 124], "excluded_lines": []}, "SQLAlchemyTransactionRepository.get_category_totals": {"executed_lines": [], "summary": {"covered_lines": 0, "num_statements": 26, "percent_covered": 0.0, "percent_covered_display": "0", "missing_lines": 26, "excluded_lines": 0}, "missing_lines": [140, 147, 150, 151, 154, 155, 158, 159, 160, 161, 164, 165, 166, 174, 175, 178, 179, 180, 181, 183, 184, 187, 190, 191, 192, 197], "excluded_lines": []}, "SQLAlchemyTransactionRepository.update": {"executed_lines": [], "summary": {"covered_lines": 0, "num_statements": 3, "percent_covered": 0.0, "percent_covered_display": "0", "missing_lines": 3, "excluded_lines": 0}, "missing_lines": [200, 201, 202], "excluded_lines": []}, "SQLAlchemyTransactionRepository.delete": {"executed_lines": [], "summary": {"covered_lines": 0, "num_statements": 6, "percent_covered": 0.0, "percent_covered_display": "0", "missing_lines": 6, "excluded_lines": 0}, "missing_lines": [205, 206, 207, 208, 209, 210], "excluded_lines": []}, "SQLAlchemyTransactionRepository.find_matching_transactions": {"executed_lines": [223, 226, 229, 232, 239, 240, 242], "summary": {"covered_lines": 7, "num_statements": 7, "percent_covered": 100.0, "percent_covered_display": "100", "missing_lines": 0, "excluded_lines": 0}, "missing_lines": [], "excluded_lines": []}, "SQLAlchemyTransactionRepository.save_batch": {"executed_lines": [248, 249, 250, 252, 254, 255, 256, 257, 259, 262, 272, 273, 274, 275, 276, 277, 278, 281, 282, 283, 284, 287, 288, 291, 303, 304, 306, 307, 309, 310], "summary": {"covered_lines": 30, "num_statements": 31, "percent_covered": 96.7741935483871, "percent_covered_display": "97", "missing_lines": 1, "excluded_lines": 0}, "missing_lines": [289], "excluded_lines": []}, "SQLAlchemyTransactionRepository.get_oldest_uncategorized": {"executed_lines": [], "summary": {"covered_lines": 0, "num_statements": 1, "percent_covered": 0.0, "percent_covered_display": "0", "missing_lines": 1, "excluded_lines": 0}, "missing_lines": [313], "excluded_lines": []}, "SQLAlchemyTransactionRepository.get_by_uploaded_file_id": {"executed_lines": [322], "summary": {"covered_lines": 1, "num_statements": 1, "percent_covered": 100.0, "percent_covered_display": "100", "missing_lines": 0, "excluded_lines": 0}, "missing_lines": [], "excluded_lines": []}, "SQLAlchemyTransactionRepository.bulk_update_category_by_normalized_description": {"executed_lines": [], "summary": {"covered_lines": 0, "num_statements": 5, "percent_covered": 0.0, "percent_covered_display": "0", "missing_lines": 5, "excluded_lines": 0}, "missing_lines": [333, 336, 342, 343, 345], "excluded_lines": []}, "SQLAlchemyTransactionRepository.get_max_sort_index_for_date": {"executed_lines": [], "summary": {"covered_lines": 0, "num_statements": 2, "percent_covered": 0.0, "percent_covered_display": "0", "missing_lines": 2, "excluded_lines": 0}, "missing_lines": [351, 356], "excluded_lines": []}, "SQLAlchemyTransactionRepository.create_manual_transaction": {"executed_lines": [], "summary": {"covered_lines": 0, "num_statements": 12, "percent_covered": 0.0, "percent_covered_display": "0", "missing_lines": 12, "excluded_lines": 0}, "missing_lines": [363, 365, 366, 367, 368, 370, 372, 374, 385, 386, 387, 388], "excluded_lines": []}, "SQLAlchemyTransactionRepository._get_order_clause": {"executed_lines": [], "summary": {"covered_lines": 0, "num_statements": 19, "percent_covered": 0.0, "percent_covered_display": "0", "missing_lines": 19, "excluded_lines": 0}, "missing_lines": [393, 394, 397, 398, 399, 402, 403, 404, 405, 406, 407, 408, 409, 410, 411, 414, 417, 418, 420], "excluded_lines": []}, "": {"executed_lines": [1, 2, 3, 4, 6, 7, 9, 10, 11, 12, 15, 16, 21, 24, 30, 33, 36, 54, 126, 199, 204, 212, 244, 312, 321, 329, 347, 358, 390], "summary": {"covered_lines": 28, "num_statements": 28, "percent_covered": 100.0, "percent_covered_display": "100", "missing_lines": 0, "excluded_lines": 0}, "missing_lines": [], "excluded_lines": []}}, "classes": {"SQLAlchemyTransactionRepository": {"executed_lines": [22, 223, 226, 229, 232, 239, 240, 242, 248, 249, 250, 252, 254, 255, 256, 257, 259, 262, 272, 273, 274, 275, 276, 277, 278, 281, 282, 283, 284, 287, 288, 291, 303, 304, 306, 307, 309, 310, 322], "summary": {"covered_lines": 39, "num_statements": 150, "percent_covered": 26.0, "percent_covered_display": "26", "missing_lines": 111, "excluded_lines": 0}, "missing_lines": [25, 26, 27, 28, 31, 34, 43, 48, 49, 52, 72, 75, 78, 79, 82, 83, 86, 87, 88, 89, 92, 93, 94, 102, 103, 106, 107, 108, 109, 111, 112, 115, 118, 119, 122, 124, 140, 147, 150, 151, 154, 155, 158, 159, 160, 161, 164, 165, 166, 174, 175, 178, 179, 180, 181, 183, 184, 187, 190, 191, 192, 197, 200, 201, 202, 205, 206, 207, 208, 209, 210, 289, 313, 333, 336, 342, 343, 345, 351, 356, 363, 365, 366, 367, 368, 370, 372, 374, 385, 386, 387, 388, 393, 394, 397, 398, 399, 402, 403, 404, 405, 406, 407, 408, 409, 410, 411, 414, 417, 418, 420], "excluded_lines": []}, "": {"executed_lines": [1, 2, 3, 4, 6, 7, 9, 10, 11, 12, 15, 16, 21, 24, 30, 33, 36, 54, 126, 199, 204, 212, 244, 312, 321, 329, 347, 358, 390], "summary": {"covered_lines": 28, "num_statements": 28, "percent_covered": 100.0, "percent_covered_display": "100", "missing_lines": 0, "excluded_lines": 0}, "missing_lines": [], "excluded_lines": []}}}, "app/adapters/repositories/transaction_categorization.py": {"executed_lines": [1, 2, 4, 5, 7, 8, 9, 10, 13, 14, 19, 20, 22, 26, 27, 30, 31, 34, 35, 38, 45, 46, 48, 50, 57, 62, 63, 64, 65, 67, 69, 75, 77, 79, 85, 91, 97, 162, 198, 207, 227, 237], "summary": {"covered_lines": 41, "num_statements": 104, "percent_covered": 39.42307692307692, "percent_covered_display": "39", "missing_lines": 63, "excluded_lines": 0}, "missing_lines": [109, 120, 131, 132, 134, 136, 137, 139, 140, 143, 146, 147, 150, 151, 154, 155, 157, 158, 160, 165, 166, 169, 170, 171, 174, 175, 176, 178, 180, 181, 183, 184, 185, 186, 187, 190, 193, 194, 196, 200, 215, 216, 217, 219, 220, 221, 223, 224, 225, 229, 230, 231, 233, 234, 235, 240, 243, 252, 262, 273, 292, 314, 337], "excluded_lines": [], "functions": {"SQLAlchemyTransactionCategorizationRepository.__init__": {"executed_lines": [20], "summary": {"covered_lines": 1, "num_statements": 1, "percent_covered": 100.0, "percent_covered_display": "100", "missing_lines": 0, "excluded_lines": 0}, "missing_lines": [], "excluded_lines": []}, "SQLAlchemyTransactionCategorizationRepository.get_categories_by_normalized_descriptions": {"executed_lines": [26, 27, 30, 31, 34, 35, 38, 45, 46, 48], "summary": {"covered_lines": 10, "num_statements": 10, "percent_covered": 100.0, "percent_covered_display": "100", "missing_lines": 0, "excluded_lines": 0}, "missing_lines": [], "excluded_lines": []}, "SQLAlchemyTransactionCategorizationRepository.create_rule": {"executed_lines": [57, 62, 63, 64, 65], "summary": {"covered_lines": 5, "num_statements": 5, "percent_covered": 100.0, "percent_covered_display": "100", "missing_lines": 0, "excluded_lines": 0}, "missing_lines": [], "excluded_lines": []}, "SQLAlchemyTransactionCategorizationRepository.get_rule_by_normalized_description": {"executed_lines": [69], "summary": {"covered_lines": 1, "num_statements": 1, "percent_covered": 100.0, "percent_covered_display": "100", "missing_lines": 0, "excluded_lines": 0}, "missing_lines": [], "excluded_lines": []}, "SQLAlchemyTransactionCategorizationRepository.get_statistics": {"executed_lines": [77, 79, 85, 91], "summary": {"covered_lines": 4, "num_statements": 4, "percent_covered": 100.0, "percent_covered_display": "100", "missing_lines": 0, "excluded_lines": 0}, "missing_lines": [], "excluded_lines": []}, "SQLAlchemyTransactionCategorizationRepository.get_rules_paginated": {"executed_lines": [], "summary": {"covered_lines": 0, "num_statements": 19, "percent_covered": 0.0, "percent_covered_display": "0", "missing_lines": 19, "excluded_lines": 0}, "missing_lines": [109, 120, 131, 132, 134, 136, 137, 139, 140, 143, 146, 147, 150, 151, 154, 155, 157, 158, 160], "excluded_lines": []}, "SQLAlchemyTransactionCategorizationRepository._get_order_clause": {"executed_lines": [], "summary": {"covered_lines": 0, "num_statements": 20, "percent_covered": 0.0, "percent_covered_display": "0", "missing_lines": 20, "excluded_lines": 0}, "missing_lines": [165, 166, 169, 170, 171, 174, 175, 176, 178, 180, 181, 183, 184, 185, 186, 187, 190, 193, 194, 196], "excluded_lines": []}, "SQLAlchemyTransactionCategorizationRepository.get_rule_by_id": {"executed_lines": [], "summary": {"covered_lines": 0, "num_statements": 1, "percent_covered": 0.0, "percent_covered_display": "0", "missing_lines": 1, "excluded_lines": 0}, "missing_lines": [200], "excluded_lines": []}, "SQLAlchemyTransactionCategorizationRepository.update_rule": {"executed_lines": [], "summary": {"covered_lines": 0, "num_statements": 9, "percent_covered": 0.0, "percent_covered_display": "0", "missing_lines": 9, "excluded_lines": 0}, "missing_lines": [215, 216, 217, 219, 220, 221, 223, 224, 225], "excluded_lines": []}, "SQLAlchemyTransactionCategorizationRepository.delete_rule": {"executed_lines": [], "summary": {"covered_lines": 0, "num_statements": 6, "percent_covered": 0.0, "percent_covered_display": "0", "missing_lines": 6, "excluded_lines": 0}, "missing_lines": [229, 230, 231, 233, 234, 235], "excluded_lines": []}, "SQLAlchemyTransactionCategorizationRepository.get_enhanced_statistics": {"executed_lines": [], "summary": {"covered_lines": 0, "num_statements": 8, "percent_covered": 0.0, "percent_covered_display": "0", "missing_lines": 8, "excluded_lines": 0}, "missing_lines": [240, 243, 252, 262, 273, 292, 314, 337], "excluded_lines": []}, "": {"executed_lines": [1, 2, 4, 5, 7, 8, 9, 10, 13, 14, 19, 22, 50, 67, 75, 97, 162, 198, 207, 227, 237], "summary": {"covered_lines": 20, "num_statements": 20, "percent_covered": 100.0, "percent_covered_display": "100", "missing_lines": 0, "excluded_lines": 0}, "missing_lines": [], "excluded_lines": []}}, "classes": {"SQLAlchemyTransactionCategorizationRepository": {"executed_lines": [20, 26, 27, 30, 31, 34, 35, 38, 45, 46, 48, 57, 62, 63, 64, 65, 69, 77, 79, 85, 91], "summary": {"covered_lines": 21, "num_statements": 84, "percent_covered": 25.0, "percent_covered_display": "25", "missing_lines": 63, "excluded_lines": 0}, "missing_lines": [109, 120, 131, 132, 134, 136, 137, 139, 140, 143, 146, 147, 150, 151, 154, 155, 157, 158, 160, 165, 166, 169, 170, 171, 174, 175, 176, 178, 180, 181, 183, 184, 185, 186, 187, 190, 193, 194, 196, 200, 215, 216, 217, 219, 220, 221, 223, 224, 225, 229, 230, 231, 233, 234, 235, 240, 243, 252, 262, 273, 292, 314, 337], "excluded_lines": []}, "": {"executed_lines": [1, 2, 4, 5, 7, 8, 9, 10, 13, 14, 19, 22, 50, 67, 75, 97, 162, 198, 207, 227, 237], "summary": {"covered_lines": 20, "num_statements": 20, "percent_covered": 100.0, "percent_covered_display": "100", "missing_lines": 0, "excluded_lines": 0}, "missing_lines": [], "excluded_lines": []}}}, "app/adapters/repositories/uploaded_file.py": {"executed_lines": [1, 2, 4, 5, 6, 9, 10, 11, 13, 14, 16, 17, 18, 20, 28, 29, 31, 34, 43, 44, 45, 47, 55, 63, 64, 65, 67, 77, 78, 80, 81, 83], "summary": {"covered_lines": 32, "num_statements": 33, "percent_covered": 96.96969696969697, "percent_covered_display": "97", "missing_lines": 1, "excluded_lines": 0}, "missing_lines": [32], "excluded_lines": [], "functions": {"SQLAlchemyUploadedFileRepository.__init__": {"executed_lines": [11], "summary": {"covered_lines": 1, "num_statements": 1, "percent_covered": 100.0, "percent_covered_display": "100", "missing_lines": 0, "excluded_lines": 0}, "missing_lines": [], "excluded_lines": []}, "SQLAlchemyUploadedFileRepository.save": {"executed_lines": [14, 16, 17, 18, 20], "summary": {"covered_lines": 5, "num_statements": 5, "percent_covered": 100.0, "percent_covered_display": "100", "missing_lines": 0, "excluded_lines": 0}, "missing_lines": [], "excluded_lines": []}, "SQLAlchemyUploadedFileRepository.find_by_id": {"executed_lines": [29, 31, 34], "summary": {"covered_lines": 3, "num_statements": 4, "percent_covered": 75.0, "percent_covered_display": "75", "missing_lines": 1, "excluded_lines": 0}, "missing_lines": [32], "excluded_lines": []}, "SQLAlchemyFileAnalysisMetadataRepository.__init__": {"executed_lines": [45], "summary": {"covered_lines": 1, "num_statements": 1, "percent_covered": 100.0, "percent_covered_display": "100", "missing_lines": 0, "excluded_lines": 0}, "missing_lines": [], "excluded_lines": []}, "SQLAlchemyFileAnalysisMetadataRepository.save": {"executed_lines": [55, 63, 64, 65, 67], "summary": {"covered_lines": 5, "num_statements": 5, "percent_covered": 100.0, "percent_covered_display": "100", "missing_lines": 0, "excluded_lines": 0}, "missing_lines": [], "excluded_lines": []}, "SQLAlchemyFileAnalysisMetadataRepository.find_by_hash": {"executed_lines": [78, 80, 81, 83], "summary": {"covered_lines": 4, "num_statements": 4, "percent_covered": 100.0, "percent_covered_display": "100", "missing_lines": 0, "excluded_lines": 0}, "missing_lines": [], "excluded_lines": []}, "": {"executed_lines": [1, 2, 4, 5, 6, 9, 10, 13, 28, 43, 44, 47, 77], "summary": {"covered_lines": 13, "num_statements": 13, "percent_covered": 100.0, "percent_covered_display": "100", "missing_lines": 0, "excluded_lines": 0}, "missing_lines": [], "excluded_lines": []}}, "classes": {"SQLAlchemyUploadedFileRepository": {"executed_lines": [11, 14, 16, 17, 18, 20, 29, 31, 34], "summary": {"covered_lines": 9, "num_statements": 10, "percent_covered": 90.0, "percent_covered_display": "90", "missing_lines": 1, "excluded_lines": 0}, "missing_lines": [32], "excluded_lines": []}, "SQLAlchemyFileAnalysisMetadataRepository": {"executed_lines": [45, 55, 63, 64, 65, 67, 78, 80, 81, 83], "summary": {"covered_lines": 10, "num_statements": 10, "percent_covered": 100.0, "percent_covered_display": "100", "missing_lines": 0, "excluded_lines": 0}, "missing_lines": [], "excluded_lines": []}, "": {"executed_lines": [1, 2, 4, 5, 6, 9, 10, 13, 28, 43, 44, 47, 77], "summary": {"covered_lines": 13, "num_statements": 13, "percent_covered": 100.0, "percent_covered_display": "100", "missing_lines": 0, "excluded_lines": 0}, "missing_lines": [], "excluded_lines": []}}}, "app/ai/gemini_ai.py": {"executed_lines": [1, 2, 3, 5, 7, 9, 10, 13, 14, 32, 40], "summary": {"covered_lines": 11, "num_statements": 29, "percent_covered": 37.93103448275862, "percent_covered_display": "38", "missing_lines": 18, "excluded_lines": 0}, "missing_lines": [20, 21, 22, 24, 26, 28, 33, 34, 35, 36, 37, 38, 41, 42, 43, 44, 45, 46], "excluded_lines": [], "functions": {"GeminiAI.__init__": {"executed_lines": [], "summary": {"covered_lines": 0, "num_statements": 6, "percent_covered": 0.0, "percent_covered_display": "0", "missing_lines": 6, "excluded_lines": 0}, "missing_lines": [20, 21, 22, 24, 26, 28], "excluded_lines": []}, "GeminiAI.generate": {"executed_lines": [], "summary": {"covered_lines": 0, "num_statements": 6, "percent_covered": 0.0, "percent_covered_display": "0", "missing_lines": 6, "excluded_lines": 0}, "missing_lines": [33, 34, 35, 36, 37, 38], "excluded_lines": []}, "GeminiAI.generate_async": {"executed_lines": [], "summary": {"covered_lines": 0, "num_statements": 6, "percent_covered": 0.0, "percent_covered_display": "0", "missing_lines": 6, "excluded_lines": 0}, "missing_lines": [41, 42, 43, 44, 45, 46], "excluded_lines": []}, "": {"executed_lines": [1, 2, 3, 5, 7, 9, 10, 13, 14, 32, 40], "summary": {"covered_lines": 11, "num_statements": 11, "percent_covered": 100.0, "percent_covered_display": "100", "missing_lines": 0, "excluded_lines": 0}, "missing_lines": [], "excluded_lines": []}}, "classes": {"GeminiAI": {"executed_lines": [], "summary": {"covered_lines": 0, "num_statements": 18, "percent_covered": 0.0, "percent_covered_display": "0", "missing_lines": 18, "excluded_lines": 0}, "missing_lines": [20, 21, 22, 24, 26, 28, 33, 34, 35, 36, 37, 38, 41, 42, 43, 44, 45, 46], "excluded_lines": []}, "": {"executed_lines": [1, 2, 3, 5, 7, 9, 10, 13, 14, 32, 40], "summary": {"covered_lines": 11, "num_statements": 11, "percent_covered": 100.0, "percent_covered_display": "100", "missing_lines": 0, "excluded_lines": 0}, "missing_lines": [], "excluded_lines": []}}}, "app/ai/llm_client.py": {"executed_lines": [1, 4, 5, 6, 9, 10], "summary": {"covered_lines": 6, "num_statements": 8, "percent_covered": 75.0, "percent_covered_display": "75", "missing_lines": 2, "excluded_lines": 0}, "missing_lines": [7, 11], "excluded_lines": [], "functions": {"LLMClient.generate": {"executed_lines": [], "summary": {"covered_lines": 0, "num_statements": 1, "percent_covered": 0.0, "percent_covered_display": "0", "missing_lines": 1, "excluded_lines": 0}, "missing_lines": [7], "excluded_lines": []}, "LLMClient.generate_async": {"executed_lines": [], "summary": {"covered_lines": 0, "num_statements": 1, "percent_covered": 0.0, "percent_covered_display": "0", "missing_lines": 1, "excluded_lines": 0}, "missing_lines": [11], "excluded_lines": []}, "": {"executed_lines": [1, 4, 5, 6, 9, 10], "summary": {"covered_lines": 6, "num_statements": 6, "percent_covered": 100.0, "percent_covered_display": "100", "missing_lines": 0, "excluded_lines": 0}, "missing_lines": [], "excluded_lines": []}}, "classes": {"LLMClient": {"executed_lines": [], "summary": {"covered_lines": 0, "num_statements": 2, "percent_covered": 0.0, "percent_covered_display": "0", "missing_lines": 2, "excluded_lines": 0}, "missing_lines": [7, 11], "excluded_lines": []}, "": {"executed_lines": [1, 4, 5, 6, 9, 10], "summary": {"covered_lines": 6, "num_statements": 6, "percent_covered": 100.0, "percent_covered_display": "100", "missing_lines": 0, "excluded_lines": 0}, "missing_lines": [], "excluded_lines": []}}}, "app/ai/prompts.py": {"executed_lines": [1, 2, 3, 5, 7, 8, 11, 12, 13, 14, 17, 20, 22, 28, 30, 32, 60, 63, 64], "summary": {"covered_lines": 19, "num_statements": 19, "percent_covered": 100.0, "percent_covered_display": "100", "missing_lines": 0, "excluded_lines": 0}, "missing_lines": [], "excluded_lines": [], "functions": {"categorization_prompt": {"executed_lines": [20, 22, 28, 30, 32, 60], "summary": {"covered_lines": 6, "num_statements": 6, "percent_covered": 100.0, "percent_covered_display": "100", "missing_lines": 0, "excluded_lines": 0}, "missing_lines": [], "excluded_lines": []}, "schema_detection_prompt": {"executed_lines": [64], "summary": {"covered_lines": 1, "num_statements": 1, "percent_covered": 100.0, "percent_covered_display": "100", "missing_lines": 0, "excluded_lines": 0}, "missing_lines": [], "excluded_lines": []}, "": {"executed_lines": [1, 2, 3, 5, 7, 8, 11, 12, 13, 14, 17, 63], "summary": {"covered_lines": 12, "num_statements": 12, "percent_covered": 100.0, "percent_covered_display": "100", "missing_lines": 0, "excluded_lines": 0}, "missing_lines": [], "excluded_lines": []}}, "classes": {"Subcategory": {"executed_lines": [], "summary": {"covered_lines": 0, "num_statements": 0, "percent_covered": 100.0, "percent_covered_display": "100", "missing_lines": 0, "excluded_lines": 0}, "missing_lines": [], "excluded_lines": []}, "": {"executed_lines": [1, 2, 3, 5, 7, 8, 11, 12, 13, 14, 17, 20, 22, 28, 30, 32, 60, 63, 64], "summary": {"covered_lines": 19, "num_statements": 19, "percent_covered": 100.0, "percent_covered_display": "100", "missing_lines": 0, "excluded_lines": 0}, "missing_lines": [], "excluded_lines": []}}}, "app/api/routes/categories.py": {"executed_lines": [1, 2, 4, 6, 7, 8, 11, 13, 15, 16, 21, 22, 26, 33, 34, 38, 39, 44, 45, 49, 50, 55, 56, 69, 70, 75, 76, 77, 87, 88, 94, 95, 100, 105, 112, 113, 118, 119, 120, 121, 125, 131], "summary": {"covered_lines": 42, "num_statements": 54, "percent_covered": 77.77777777777777, "percent_covered_display": "78", "missing_lines": 12, "excluded_lines": 0}, "missing_lines": [27, 28, 61, 62, 63, 67, 81, 82, 101, 106, 107, 126], "excluded_lines": [], "functions": {"register_category_routes": {"executed_lines": [13, 15, 16, 33, 34, 44, 45, 55, 56, 69, 70, 87, 88, 112, 113, 131], "summary": {"covered_lines": 16, "num_statements": 16, "percent_covered": 100.0, "percent_covered_display": "100", "missing_lines": 0, "excluded_lines": 0}, "missing_lines": [], "excluded_lines": []}, "register_category_routes.create_category": {"executed_lines": [21, 22, 26], "summary": {"covered_lines": 3, "num_statements": 5, "percent_covered": 60.0, "percent_covered_display": "60", "missing_lines": 2, "excluded_lines": 0}, "missing_lines": [27, 28], "excluded_lines": []}, "register_category_routes.get_categories": {"executed_lines": [38, 39], "summary": {"covered_lines": 2, "num_statements": 2, "percent_covered": 100.0, "percent_covered_display": "100", "missing_lines": 0, "excluded_lines": 0}, "missing_lines": [], "excluded_lines": []}, "register_category_routes.get_root_categories": {"executed_lines": [49, 50], "summary": {"covered_lines": 2, "num_statements": 2, "percent_covered": 100.0, "percent_covered_display": "100", "missing_lines": 0, "excluded_lines": 0}, "missing_lines": [], "excluded_lines": []}, "register_category_routes.get_category": {"executed_lines": [], "summary": {"covered_lines": 0, "num_statements": 4, "percent_covered": 0.0, "percent_covered_display": "0", "missing_lines": 4, "excluded_lines": 0}, "missing_lines": [61, 62, 63, 67], "excluded_lines": []}, "register_category_routes.get_subcategories": {"executed_lines": [75, 76, 77], "summary": {"covered_lines": 3, "num_statements": 5, "percent_covered": 60.0, "percent_covered_display": "60", "missing_lines": 2, "excluded_lines": 0}, "missing_lines": [81, 82], "excluded_lines": []}, "register_category_routes.update_category": {"executed_lines": [94, 95, 100, 105], "summary": {"covered_lines": 4, "num_statements": 7, "percent_covered": 57.142857142857146, "percent_covered_display": "57", "missing_lines": 3, "excluded_lines": 0}, "missing_lines": [101, 106, 107], "excluded_lines": []}, "register_category_routes.delete_category": {"executed_lines": [118, 119, 120, 121, 125], "summary": {"covered_lines": 5, "num_statements": 6, "percent_covered": 83.33333333333333, "percent_covered_display": "83", "missing_lines": 1, "excluded_lines": 0}, "missing_lines": [126], "excluded_lines": []}, "": {"executed_lines": [1, 2, 4, 6, 7, 8, 11], "summary": {"covered_lines": 7, "num_statements": 7, "percent_covered": 100.0, "percent_covered_display": "100", "missing_lines": 0, "excluded_lines": 0}, "missing_lines": [], "excluded_lines": []}}, "classes": {"": {"executed_lines": [1, 2, 4, 6, 7, 8, 11, 13, 15, 16, 21, 22, 26, 33, 34, 38, 39, 44, 45, 49, 50, 55, 56, 69, 70, 75, 76, 77, 87, 88, 94, 95, 100, 105, 112, 113, 118, 119, 120, 121, 125, 131], "summary": {"covered_lines": 42, "num_statements": 54, "percent_covered": 77.77777777777777, "percent_covered_display": "78", "missing_lines": 12, "excluded_lines": 0}, "missing_lines": [27, 28, 61, 62, 63, 67, 81, 82, 101, 106, 107, 126], "excluded_lines": []}}}, "app/api/routes/sources.py": {"executed_lines": [1, 2, 4, 6, 7, 8, 9, 12, 14, 16, 17, 42, 43, 57, 58, 80, 81, 115, 116, 141], "summary": {"covered_lines": 20, "num_statements": 72, "percent_covered": 27.77777777777778, "percent_covered_display": "28", "missing_lines": 52, "excluded_lines": 0}, "missing_lines": [22, 24, 25, 26, 31, 32, 33, 34, 35, 36, 37, 47, 48, 49, 50, 51, 52, 63, 64, 65, 66, 70, 71, 72, 73, 74, 75, 87, 89, 90, 91, 97, 98, 99, 104, 105, 106, 107, 108, 109, 110, 121, 123, 124, 125, 130, 131, 132, 133, 134, 135, 136], "excluded_lines": [], "functions": {"register_source_routes": {"executed_lines": [14, 16, 17, 42, 43, 57, 58, 80, 81, 115, 116, 141], "summary": {"covered_lines": 12, "num_statements": 12, "percent_covered": 100.0, "percent_covered_display": "100", "missing_lines": 0, "excluded_lines": 0}, "missing_lines": [], "excluded_lines": []}, "register_source_routes.create_source": {"executed_lines": [], "summary": {"covered_lines": 0, "num_statements": 11, "percent_covered": 0.0, "percent_covered_display": "0", "missing_lines": 11, "excluded_lines": 0}, "missing_lines": [22, 24, 25, 26, 31, 32, 33, 34, 35, 36, 37], "excluded_lines": []}, "register_source_routes.get_all_sources": {"executed_lines": [], "summary": {"covered_lines": 0, "num_statements": 6, "percent_covered": 0.0, "percent_covered_display": "0", "missing_lines": 6, "excluded_lines": 0}, "missing_lines": [47, 48, 49, 50, 51, 52], "excluded_lines": []}, "register_source_routes.get_source": {"executed_lines": [], "summary": {"covered_lines": 0, "num_statements": 10, "percent_covered": 0.0, "percent_covered_display": "0", "missing_lines": 10, "excluded_lines": 0}, "missing_lines": [63, 64, 65, 66, 70, 71, 72, 73, 74, 75], "excluded_lines": []}, "register_source_routes.update_source": {"executed_lines": [], "summary": {"covered_lines": 0, "num_statements": 14, "percent_covered": 0.0, "percent_covered_display": "0", "missing_lines": 14, "excluded_lines": 0}, "missing_lines": [87, 89, 90, 91, 97, 98, 99, 104, 105, 106, 107, 108, 109, 110], "excluded_lines": []}, "register_source_routes.delete_source": {"executed_lines": [], "summary": {"covered_lines": 0, "num_statements": 11, "percent_covered": 0.0, "percent_covered_display": "0", "missing_lines": 11, "excluded_lines": 0}, "missing_lines": [121, 123, 124, 125, 130, 131, 132, 133, 134, 135, 136], "excluded_lines": []}, "": {"executed_lines": [1, 2, 4, 6, 7, 8, 9, 12], "summary": {"covered_lines": 8, "num_statements": 8, "percent_covered": 100.0, "percent_covered_display": "100", "missing_lines": 0, "excluded_lines": 0}, "missing_lines": [], "excluded_lines": []}}, "classes": {"": {"executed_lines": [1, 2, 4, 6, 7, 8, 9, 12, 14, 16, 17, 42, 43, 57, 58, 80, 81, 115, 116, 141], "summary": {"covered_lines": 20, "num_statements": 72, "percent_covered": 27.77777777777778, "percent_covered_display": "28", "missing_lines": 52, "excluded_lines": 0}, "missing_lines": [22, 24, 25, 26, 31, 32, 33, 34, 35, 36, 37, 47, 48, 49, 50, 51, 52, 63, 64, 65, 66, 70, 71, 72, 73, 74, 75, 87, 89, 90, 91, 97, 98, 99, 104, 105, 106, 107, 108, 109, 110, 121, 123, 124, 125, 130, 131, 132, 133, 134, 135, 136], "excluded_lines": []}}}, "app/api/routes/statements.py": {"executed_lines": [1, 2, 3, 5, 7, 14, 15, 16, 18, 21, 22, 24, 25, 29, 30, 31, 35, 36, 37, 42, 43, 52, 54, 59, 75, 76, 84, 86, 87, 88, 93, 96, 98, 100, 101, 111, 112, 114, 115, 120, 122, 123, 131], "summary": {"covered_lines": 43, "num_statements": 46, "percent_covered": 93.47826086956522, "percent_covered_display": "93", "missing_lines": 3, "excluded_lines": 0}, "missing_lines": [124, 125, 126], "excluded_lines": [], "functions": {"register_statement_routes": {"executed_lines": [22, 24, 25, 42, 43, 93], "summary": {"covered_lines": 6, "num_statements": 6, "percent_covered": 100.0, "percent_covered_display": "100", "missing_lines": 0, "excluded_lines": 0}, "missing_lines": [], "excluded_lines": []}, "register_statement_routes.analyze_statement": {"executed_lines": [29, 30, 31, 35, 36, 37], "summary": {"covered_lines": 6, "num_statements": 6, "percent_covered": 100.0, "percent_covered_display": "100", "missing_lines": 0, "excluded_lines": 0}, "missing_lines": [], "excluded_lines": []}, "register_statement_routes.upload_statement": {"executed_lines": [52, 54, 59, 75, 76, 84, 86, 87, 88], "summary": {"covered_lines": 9, "num_statements": 9, "percent_covered": 100.0, "percent_covered_display": "100", "missing_lines": 0, "excluded_lines": 0}, "missing_lines": [], "excluded_lines": []}, "register_transaction_job_routes": {"executed_lines": [98, 100, 101, 131], "summary": {"covered_lines": 4, "num_statements": 4, "percent_covered": 100.0, "percent_covered_display": "100", "missing_lines": 0, "excluded_lines": 0}, "missing_lines": [], "excluded_lines": []}, "register_transaction_job_routes.get_job_status": {"executed_lines": [111, 112, 114, 115, 120, 122, 123], "summary": {"covered_lines": 7, "num_statements": 10, "percent_covered": 70.0, "percent_covered_display": "70", "missing_lines": 3, "excluded_lines": 0}, "missing_lines": [124, 125, 126], "excluded_lines": []}, "": {"executed_lines": [1, 2, 3, 5, 7, 14, 15, 16, 18, 21, 96], "summary": {"covered_lines": 11, "num_statements": 11, "percent_covered": 100.0, "percent_covered_display": "100", "missing_lines": 0, "excluded_lines": 0}, "missing_lines": [], "excluded_lines": []}}, "classes": {"": {"executed_lines": [1, 2, 3, 5, 7, 14, 15, 16, 18, 21, 22, 24, 25, 29, 30, 31, 35, 36, 37, 42, 43, 52, 54, 59, 75, 76, 84, 86, 87, 88, 93, 96, 98, 100, 101, 111, 112, 114, 115, 120, 122, 123, 131], "summary": {"covered_lines": 43, "num_statements": 46, "percent_covered": 93.47826086956522, "percent_covered_display": "93", "missing_lines": 3, "excluded_lines": 0}, "missing_lines": [124, 125, 126], "excluded_lines": []}}}, "app/api/routes/transaction_categorizations.py": {"executed_lines": [1, 2, 4, 5, 7, 14, 15, 18, 21, 23, 24, 87, 88, 109, 110, 132, 137, 180, 181, 232, 233, 245, 246, 269], "summary": {"covered_lines": 24, "num_statements": 70, "percent_covered": 34.285714285714285, "percent_covered_display": "34", "missing_lines": 46, "excluded_lines": 0}, "missing_lines": [48, 49, 60, 61, 62, 72, 74, 81, 82, 100, 101, 102, 103, 104, 115, 116, 117, 122, 148, 149, 155, 164, 165, 169, 170, 174, 175, 193, 194, 201, 202, 207, 216, 217, 221, 222, 226, 227, 238, 239, 240, 257, 258, 259, 263, 264], "excluded_lines": [], "functions": {"register_transaction_categorization_routes": {"executed_lines": [21, 23, 24, 87, 88, 109, 110, 132, 137, 180, 181, 232, 233, 245, 246, 269], "summary": {"covered_lines": 16, "num_statements": 16, "percent_covered": 100.0, "percent_covered_display": "100", "missing_lines": 0, "excluded_lines": 0}, "missing_lines": [], "excluded_lines": []}, "register_transaction_categorization_routes.list_transaction_categorizations": {"executed_lines": [], "summary": {"covered_lines": 0, "num_statements": 9, "percent_covered": 0.0, "percent_covered_display": "0", "missing_lines": 9, "excluded_lines": 0}, "missing_lines": [48, 49, 60, 61, 62, 72, 74, 81, 82], "excluded_lines": []}, "register_transaction_categorization_routes.get_transaction_categorization_stats": {"executed_lines": [], "summary": {"covered_lines": 0, "num_statements": 5, "percent_covered": 0.0, "percent_covered_display": "0", "missing_lines": 5, "excluded_lines": 0}, "missing_lines": [100, 101, 102, 103, 104], "excluded_lines": []}, "register_transaction_categorization_routes.get_transaction_categorization": {"executed_lines": [], "summary": {"covered_lines": 0, "num_statements": 4, "percent_covered": 0.0, "percent_covered_display": "0", "missing_lines": 4, "excluded_lines": 0}, "missing_lines": [115, 116, 117, 122], "excluded_lines": []}, "register_transaction_categorization_routes.create_transaction_categorization": {"executed_lines": [], "summary": {"covered_lines": 0, "num_statements": 9, "percent_covered": 0.0, "percent_covered_display": "0", "missing_lines": 9, "excluded_lines": 0}, "missing_lines": [148, 149, 155, 164, 165, 169, 170, 174, 175], "excluded_lines": []}, "register_transaction_categorization_routes.update_transaction_categorization": {"executed_lines": [], "summary": {"covered_lines": 0, "num_statements": 11, "percent_covered": 0.0, "percent_covered_display": "0", "missing_lines": 11, "excluded_lines": 0}, "missing_lines": [193, 194, 201, 202, 207, 216, 217, 221, 222, 226, 227], "excluded_lines": []}, "register_transaction_categorization_routes.delete_transaction_categorization": {"executed_lines": [], "summary": {"covered_lines": 0, "num_statements": 3, "percent_covered": 0.0, "percent_covered_display": "0", "missing_lines": 3, "excluded_lines": 0}, "missing_lines": [238, 239, 240], "excluded_lines": []}, "register_transaction_categorization_routes.cleanup_unused_rules": {"executed_lines": [], "summary": {"covered_lines": 0, "num_statements": 5, "percent_covered": 0.0, "percent_covered_display": "0", "missing_lines": 5, "excluded_lines": 0}, "missing_lines": [257, 258, 259, 263, 264], "excluded_lines": []}, "": {"executed_lines": [1, 2, 4, 5, 7, 14, 15, 18], "summary": {"covered_lines": 8, "num_statements": 8, "percent_covered": 100.0, "percent_covered_display": "100", "missing_lines": 0, "excluded_lines": 0}, "missing_lines": [], "excluded_lines": []}}, "classes": {"": {"executed_lines": [1, 2, 4, 5, 7, 14, 15, 18, 21, 23, 24, 87, 88, 109, 110, 132, 137, 180, 181, 232, 233, 245, 246, 269], "summary": {"covered_lines": 24, "num_statements": 70, "percent_covered": 34.285714285714285, "percent_covered_display": "34", "missing_lines": 46, "excluded_lines": 0}, "missing_lines": [48, 49, 60, 61, 62, 72, 74, 81, 82, 100, 101, 102, 103, 104, 115, 116, 117, 122, 148, 149, 155, 164, 165, 169, 170, 174, 175, 193, 194, 201, 202, 207, 216, 217, 221, 222, 226, 227, 238, 239, 240, 257, 258, 259, 263, 264], "excluded_lines": []}}}, "app/api/routes/transactions.py": {"executed_lines": [1, 2, 3, 4, 6, 8, 20, 21, 22, 25, 26, 28, 29, 39, 43, 45, 46, 87, 88, 101, 102, 108, 120, 129, 132, 133, 167, 168, 172, 173, 174, 178, 180, 181, 201, 202, 214, 215, 230, 231, 243, 244, 248, 249, 254, 265, 275, 276, 285], "summary": {"covered_lines": 49, "num_statements": 90, "percent_covered": 54.44444444444444, "percent_covered_display": "54", "missing_lines": 41, "excluded_lines": 0}, "missing_lines": [63, 64, 65, 66, 67, 68, 70, 85, 103, 104, 105, 106, 140, 142, 143, 144, 145, 146, 147, 152, 157, 158, 160, 161, 162, 186, 194, 195, 199, 206, 207, 208, 212, 220, 223, 224, 228, 235, 236, 237, 241], "excluded_lines": [], "functions": {"register_transaction_routes": {"executed_lines": [26, 28, 29, 45, 46, 87, 88, 132, 133, 167, 168, 180, 181, 201, 202, 214, 215, 230, 231, 243, 244, 285], "summary": {"covered_lines": 22, "num_statements": 22, "percent_covered": 100.0, "percent_covered_display": "100", "missing_lines": 0, "excluded_lines": 0}, "missing_lines": [], "excluded_lines": []}, "register_transaction_routes.create_transaction": {"executed_lines": [39, 43], "summary": {"covered_lines": 2, "num_statements": 2, "percent_covered": 100.0, "percent_covered_display": "100", "missing_lines": 0, "excluded_lines": 0}, "missing_lines": [], "excluded_lines": []}, "register_transaction_routes.get_transactions": {"executed_lines": [], "summary": {"covered_lines": 0, "num_statements": 8, "percent_covered": 0.0, "percent_covered_display": "0", "missing_lines": 8, "excluded_lines": 0}, "missing_lines": [63, 64, 65, 66, 67, 68, 70, 85], "excluded_lines": []}, "register_transaction_routes.get_category_totals": {"executed_lines": [101, 102, 108, 120, 129], "summary": {"covered_lines": 5, "num_statements": 9, "percent_covered": 55.55555555555556, "percent_covered_display": "56", "missing_lines": 4, "excluded_lines": 0}, "missing_lines": [103, 104, 105, 106], "excluded_lines": []}, "register_transaction_routes.bulk_update_transaction_category": {"executed_lines": [], "summary": {"covered_lines": 0, "num_statements": 13, "percent_covered": 0.0, "percent_covered_display": "0", "missing_lines": 13, "excluded_lines": 0}, "missing_lines": [140, 142, 143, 144, 145, 146, 147, 152, 157, 158, 160, 161, 162], "excluded_lines": []}, "register_transaction_routes.get_transaction": {"executed_lines": [172, 173, 174, 178], "summary": {"covered_lines": 4, "num_statements": 4, "percent_covered": 100.0, "percent_covered_display": "100", "missing_lines": 0, "excluded_lines": 0}, "missing_lines": [], "excluded_lines": []}, "register_transaction_routes.update_transaction": {"executed_lines": [], "summary": {"covered_lines": 0, "num_statements": 4, "percent_covered": 0.0, "percent_covered_display": "0", "missing_lines": 4, "excluded_lines": 0}, "missing_lines": [186, 194, 195, 199], "excluded_lines": []}, "register_transaction_routes.delete_transaction": {"executed_lines": [], "summary": {"covered_lines": 0, "num_statements": 4, "percent_covered": 0.0, "percent_covered_display": "0", "missing_lines": 4, "excluded_lines": 0}, "missing_lines": [206, 207, 208, 212], "excluded_lines": []}, "register_transaction_routes.categorize_transaction": {"executed_lines": [], "summary": {"covered_lines": 0, "num_statements": 4, "percent_covered": 0.0, "percent_covered_display": "0", "missing_lines": 4, "excluded_lines": 0}, "missing_lines": [220, 223, 224, 228], "excluded_lines": []}, "register_transaction_routes.mark_categorization_failure": {"executed_lines": [], "summary": {"covered_lines": 0, "num_statements": 4, "percent_covered": 0.0, "percent_covered_display": "0", "missing_lines": 4, "excluded_lines": 0}, "missing_lines": [235, 236, 237, 241], "excluded_lines": []}, "register_transaction_routes.categorize_transactions_batch": {"executed_lines": [248, 249, 254, 265, 275, 276], "summary": {"covered_lines": 6, "num_statements": 6, "percent_covered": 100.0, "percent_covered_display": "100", "missing_lines": 0, "excluded_lines": 0}, "missing_lines": [], "excluded_lines": []}, "": {"executed_lines": [1, 2, 3, 4, 6, 8, 20, 21, 22, 25], "summary": {"covered_lines": 10, "num_statements": 10, "percent_covered": 100.0, "percent_covered_display": "100", "missing_lines": 0, "excluded_lines": 0}, "missing_lines": [], "excluded_lines": []}}, "classes": {"": {"executed_lines": [1, 2, 3, 4, 6, 8, 20, 21, 22, 25, 26, 28, 29, 39, 43, 45, 46, 87, 88, 101, 102, 108, 120, 129, 132, 133, 167, 168, 172, 173, 174, 178, 180, 181, 201, 202, 214, 215, 230, 231, 243, 244, 248, 249, 254, 265, 275, 276, 285], "summary": {"covered_lines": 49, "num_statements": 90, "percent_covered": 54.44444444444444, "percent_covered_display": "54", "missing_lines": 41, "excluded_lines": 0}, "missing_lines": [63, 64, 65, 66, 67, 68, 70, 85, 103, 104, 105, 106, 140, 142, 143, 144, 145, 146, 147, 152, 157, 158, 160, 161, 162, 186, 194, 195, 199, 206, 207, 208, 212, 220, 223, 224, 228, 235, 236, 237, 241], "excluded_lines": []}}}, "app/api/schemas.py": {"executed_lines": [1, 2, 3, 4, 6, 7, 8, 9, 10, 13, 14, 17, 18, 21, 22, 25, 26, 27, 28, 30, 33, 34, 35, 37, 40, 41, 44, 45, 48, 49, 52, 53, 54, 56, 59, 60, 61, 63, 66, 67, 68, 69, 72, 73, 74, 77, 78, 79, 82, 83, 84, 85, 86, 87, 88, 89, 90, 91, 92, 93, 94, 95, 96, 98, 100, 101, 102, 103, 104, 105, 108, 109, 110, 111, 112, 113, 114, 117, 118, 119, 120, 121, 124, 125, 126, 127, 128, 129, 130, 131, 132, 135, 136, 137, 138, 139, 140, 142, 145, 146, 147, 148, 150, 152, 153, 154, 157, 158, 160, 163, 164, 165, 166, 168, 171, 172, 173, 174, 175, 178, 179, 180, 181, 182, 183, 184, 185, 187, 188, 189, 190, 191, 192, 193, 195, 198, 199, 200, 201, 202, 203, 206, 207, 208, 209, 210, 211, 213, 216, 217, 218, 219, 220, 221, 224, 225, 226, 227, 230, 232, 235, 236, 237, 238, 239, 241, 244, 245, 246, 249, 250, 253, 254, 255, 256, 257, 258, 259, 260, 261, 263, 266, 267, 268, 269, 270, 271, 273, 276, 277, 278, 279, 282, 283, 284, 287, 288, 289, 290, 291, 292, 294, 297, 298, 299, 300, 301, 302, 303, 305, 308, 309, 310, 313, 314, 315, 318, 319, 322, 323, 327, 328, 330, 331, 332, 333, 334, 335, 336, 337, 339, 342, 343, 345, 346, 347, 348, 349, 351, 354, 355, 357, 358, 359, 360, 362, 366, 367, 368, 369, 372, 373, 376, 377, 380, 381, 382, 383, 384, 386, 389, 390, 391, 394, 395, 396, 399, 400, 401, 402, 404], "summary": {"covered_lines": 268, "num_statements": 268, "percent_covered": 100.0, "percent_covered_display": "100", "missing_lines": 0, "excluded_lines": 0}, "missing_lines": [], "excluded_lines": [], "functions": {"TransactionResponse.validate_created_at": {"executed_lines": [103, 104, 105], "summary": {"covered_lines": 3, "num_statements": 3, "percent_covered": 100.0, "percent_covered_display": "100", "missing_lines": 0, "excluded_lines": 0}, "missing_lines": [], "excluded_lines": []}, "CategoryTotalResponse.serialize_total_amount": {"executed_lines": [154], "summary": {"covered_lines": 1, "num_statements": 1, "percent_covered": 100.0, "percent_covered_display": "100", "missing_lines": 0, "excluded_lines": 0}, "missing_lines": [], "excluded_lines": []}, "": {"executed_lines": [1, 2, 3, 4, 6, 7, 8, 9, 10, 13, 14, 17, 18, 21, 22, 25, 26, 27, 28, 30, 33, 34, 35, 37, 40, 41, 44, 45, 48, 49, 52, 53, 54, 56, 59, 60, 61, 63, 66, 67, 68, 69, 72, 73, 74, 77, 78, 79, 82, 83, 84, 85, 86, 87, 88, 89, 90, 91, 92, 93, 94, 95, 96, 98, 100, 101, 102, 108, 109, 110, 111, 112, 113, 114, 117, 118, 119, 120, 121, 124, 125, 126, 127, 128, 129, 130, 131, 132, 135, 136, 137, 138, 139, 140, 142, 145, 146, 147, 148, 150, 152, 153, 157, 158, 160, 163, 164, 165, 166, 168, 171, 172, 173, 174, 175, 178, 179, 180, 181, 182, 183, 184, 185, 187, 188, 189, 190, 191, 192, 193, 195, 198, 199, 200, 201, 202, 203, 206, 207, 208, 209, 210, 211, 213, 216, 217, 218, 219, 220, 221, 224, 225, 226, 227, 230, 232, 235, 236, 237, 238, 239, 241, 244, 245, 246, 249, 250, 253, 254, 255, 256, 257, 258, 259, 260, 261, 263, 266, 267, 268, 269, 270, 271, 273, 276, 277, 278, 279, 282, 283, 284, 287, 288, 289, 290, 291, 292, 294, 297, 298, 299, 300, 301, 302, 303, 305, 308, 309, 310, 313, 314, 315, 318, 319, 322, 323, 327, 328, 330, 331, 332, 333, 334, 335, 336, 337, 339, 342, 343, 345, 346, 347, 348, 349, 351, 354, 355, 357, 358, 359, 360, 362, 366, 367, 368, 369, 372, 373, 376, 377, 380, 381, 382, 383, 384, 386, 389, 390, 391, 394, 395, 396, 399, 400, 401, 402, 404], "summary": {"covered_lines": 264, "num_statements": 264, "percent_covered": 100.0, "percent_covered_display": "100", "missing_lines": 0, "excluded_lines": 0}, "missing_lines": [], "excluded_lines": []}}, "classes": {"CategoryBase": {"executed_lines": [], "summary": {"covered_lines": 0, "num_statements": 0, "percent_covered": 100.0, "percent_covered_display": "100", "missing_lines": 0, "excluded_lines": 0}, "missing_lines": [], "excluded_lines": []}, "CategoryCreate": {"executed_lines": [], "summary": {"covered_lines": 0, "num_statements": 0, "percent_covered": 100.0, "percent_covered_display": "100", "missing_lines": 0, "excluded_lines": 0}, "missing_lines": [], "excluded_lines": []}, "CategoryUpdate": {"executed_lines": [], "summary": {"covered_lines": 0, "num_statements": 0, "percent_covered": 100.0, "percent_covered_display": "100", "missing_lines": 0, "excluded_lines": 0}, "missing_lines": [], "excluded_lines": []}, "CategoryResponse": {"executed_lines": [], "summary": {"covered_lines": 0, "num_statements": 0, "percent_covered": 100.0, "percent_covered_display": "100", "missing_lines": 0, "excluded_lines": 0}, "missing_lines": [], "excluded_lines": []}, "CategoryListResponse": {"executed_lines": [], "summary": {"covered_lines": 0, "num_statements": 0, "percent_covered": 100.0, "percent_covered_display": "100", "missing_lines": 0, "excluded_lines": 0}, "missing_lines": [], "excluded_lines": []}, "SourceBase": {"executed_lines": [], "summary": {"covered_lines": 0, "num_statements": 0, "percent_covered": 100.0, "percent_covered_display": "100", "missing_lines": 0, "excluded_lines": 0}, "missing_lines": [], "excluded_lines": []}, "SourceCreate": {"executed_lines": [], "summary": {"covered_lines": 0, "num_statements": 0, "percent_covered": 100.0, "percent_covered_display": "100", "missing_lines": 0, "excluded_lines": 0}, "missing_lines": [], "excluded_lines": []}, "SourceUpdate": {"executed_lines": [], "summary": {"covered_lines": 0, "num_statements": 0, "percent_covered": 100.0, "percent_covered_display": "100", "missing_lines": 0, "excluded_lines": 0}, "missing_lines": [], "excluded_lines": []}, "SourceResponse": {"executed_lines": [], "summary": {"covered_lines": 0, "num_statements": 0, "percent_covered": 100.0, "percent_covered_display": "100", "missing_lines": 0, "excluded_lines": 0}, "missing_lines": [], "excluded_lines": []}, "SourceListResponse": {"executed_lines": [], "summary": {"covered_lines": 0, "num_statements": 0, "percent_covered": 100.0, "percent_covered_display": "100", "missing_lines": 0, "excluded_lines": 0}, "missing_lines": [], "excluded_lines": []}, "TransactionBase": {"executed_lines": [], "summary": {"covered_lines": 0, "num_statements": 0, "percent_covered": 100.0, "percent_covered_display": "100", "missing_lines": 0, "excluded_lines": 0}, "missing_lines": [], "excluded_lines": []}, "TransactionCreate": {"executed_lines": [], "summary": {"covered_lines": 0, "num_statements": 0, "percent_covered": 100.0, "percent_covered_display": "100", "missing_lines": 0, "excluded_lines": 0}, "missing_lines": [], "excluded_lines": []}, "TransactionUpdate": {"executed_lines": [], "summary": {"covered_lines": 0, "num_statements": 0, "percent_covered": 100.0, "percent_covered_display": "100", "missing_lines": 0, "excluded_lines": 0}, "missing_lines": [], "excluded_lines": []}, "TransactionResponse": {"executed_lines": [103, 104, 105], "summary": {"covered_lines": 3, "num_statements": 3, "percent_covered": 100.0, "percent_covered_display": "100", "missing_lines": 0, "excluded_lines": 0}, "missing_lines": [], "excluded_lines": []}, "TransactionCreateRequest": {"executed_lines": [], "summary": {"covered_lines": 0, "num_statements": 0, "percent_covered": 100.0, "percent_covered_display": "100", "missing_lines": 0, "excluded_lines": 0}, "missing_lines": [], "excluded_lines": []}, "TransactionUpdateRequest": {"executed_lines": [], "summary": {"covered_lines": 0, "num_statements": 0, "percent_covered": 100.0, "percent_covered_display": "100", "missing_lines": 0, "excluded_lines": 0}, "missing_lines": [], "excluded_lines": []}, "TransactionFilters": {"executed_lines": [], "summary": {"covered_lines": 0, "num_statements": 0, "percent_covered": 100.0, "percent_covered_display": "100", "missing_lines": 0, "excluded_lines": 0}, "missing_lines": [], "excluded_lines": []}, "TransactionListResponse": {"executed_lines": [], "summary": {"covered_lines": 0, "num_statements": 0, "percent_covered": 100.0, "percent_covered_display": "100", "missing_lines": 0, "excluded_lines": 0}, "missing_lines": [], "excluded_lines": []}, "CategoryTotalResponse": {"executed_lines": [154], "summary": {"covered_lines": 1, "num_statements": 1, "percent_covered": 100.0, "percent_covered_display": "100", "missing_lines": 0, "excluded_lines": 0}, "missing_lines": [], "excluded_lines": []}, "CategoryTotalsResponse": {"executed_lines": [], "summary": {"covered_lines": 0, "num_statements": 0, "percent_covered": 100.0, "percent_covered_display": "100", "missing_lines": 0, "excluded_lines": 0}, "missing_lines": [], "excluded_lines": []}, "CategoryTotalsListResponse": {"executed_lines": [], "summary": {"covered_lines": 0, "num_statements": 0, "percent_covered": 100.0, "percent_covered_display": "100", "missing_lines": 0, "excluded_lines": 0}, "missing_lines": [], "excluded_lines": []}, "ColumnMapping": {"executed_lines": [], "summary": {"covered_lines": 0, "num_statements": 0, "percent_covered": 100.0, "percent_covered_display": "100", "missing_lines": 0, "excluded_lines": 0}, "missing_lines": [], "excluded_lines": []}, "StatementAnalysisResponse": {"executed_lines": [], "summary": {"covered_lines": 0, "num_statements": 0, "percent_covered": 100.0, "percent_covered_display": "100", "missing_lines": 0, "excluded_lines": 0}, "missing_lines": [], "excluded_lines": []}, "StatementUploadRequest": {"executed_lines": [], "summary": {"covered_lines": 0, "num_statements": 0, "percent_covered": 100.0, "percent_covered_display": "100", "missing_lines": 0, "excluded_lines": 0}, "missing_lines": [], "excluded_lines": []}, "BackgroundJobInfoResponse": {"executed_lines": [], "summary": {"covered_lines": 0, "num_statements": 0, "percent_covered": 100.0, "percent_covered_display": "100", "missing_lines": 0, "excluded_lines": 0}, "missing_lines": [], "excluded_lines": []}, "StatementUploadResponse": {"executed_lines": [], "summary": {"covered_lines": 0, "num_statements": 0, "percent_covered": 100.0, "percent_covered_display": "100", "missing_lines": 0, "excluded_lines": 0}, "missing_lines": [], "excluded_lines": []}, "StatementUploadResult": {"executed_lines": [], "summary": {"covered_lines": 0, "num_statements": 0, "percent_covered": 100.0, "percent_covered_display": "100", "missing_lines": 0, "excluded_lines": 0}, "missing_lines": [], "excluded_lines": []}, "TransactionCategorizationCreateRequest": {"executed_lines": [], "summary": {"covered_lines": 0, "num_statements": 0, "percent_covered": 100.0, "percent_covered_display": "100", "missing_lines": 0, "excluded_lines": 0}, "missing_lines": [], "excluded_lines": []}, "TransactionCategorizationUpdateRequest": {"executed_lines": [], "summary": {"covered_lines": 0, "num_statements": 0, "percent_covered": 100.0, "percent_covered_display": "100", "missing_lines": 0, "excluded_lines": 0}, "missing_lines": [], "excluded_lines": []}, "TransactionCategorizationResponse": {"executed_lines": [], "summary": {"covered_lines": 0, "num_statements": 0, "percent_covered": 100.0, "percent_covered_display": "100", "missing_lines": 0, "excluded_lines": 0}, "missing_lines": [], "excluded_lines": []}, "TransactionCategorizationListResponse": {"executed_lines": [], "summary": {"covered_lines": 0, "num_statements": 0, "percent_covered": 100.0, "percent_covered_display": "100", "missing_lines": 0, "excluded_lines": 0}, "missing_lines": [], "excluded_lines": []}, "TransactionCategorizationFilters": {"executed_lines": [], "summary": {"covered_lines": 0, "num_statements": 0, "percent_covered": 100.0, "percent_covered_display": "100", "missing_lines": 0, "excluded_lines": 0}, "missing_lines": [], "excluded_lines": []}, "BatchCategorizationRequest": {"executed_lines": [], "summary": {"covered_lines": 0, "num_statements": 0, "percent_covered": 100.0, "percent_covered_display": "100", "missing_lines": 0, "excluded_lines": 0}, "missing_lines": [], "excluded_lines": []}, "CategorizationResultResponse": {"executed_lines": [], "summary": {"covered_lines": 0, "num_statements": 0, "percent_covered": 100.0, "percent_covered_display": "100", "missing_lines": 0, "excluded_lines": 0}, "missing_lines": [], "excluded_lines": []}, "BatchCategorizationResponse": {"executed_lines": [], "summary": {"covered_lines": 0, "num_statements": 0, "percent_covered": 100.0, "percent_covered_display": "100", "missing_lines": 0, "excluded_lines": 0}, "missing_lines": [], "excluded_lines": []}, "CategoryCreateRequest": {"executed_lines": [], "summary": {"covered_lines": 0, "num_statements": 0, "percent_covered": 100.0, "percent_covered_display": "100", "missing_lines": 0, "excluded_lines": 0}, "missing_lines": [], "excluded_lines": []}, "CategoryUpdateRequest": {"executed_lines": [], "summary": {"covered_lines": 0, "num_statements": 0, "percent_covered": 100.0, "percent_covered_display": "100", "missing_lines": 0, "excluded_lines": 0}, "missing_lines": [], "excluded_lines": []}, "SourceCreateRequest": {"executed_lines": [], "summary": {"covered_lines": 0, "num_statements": 0, "percent_covered": 100.0, "percent_covered_display": "100", "missing_lines": 0, "excluded_lines": 0}, "missing_lines": [], "excluded_lines": []}, "SourceUpdateRequest": {"executed_lines": [], "summary": {"covered_lines": 0, "num_statements": 0, "percent_covered": 100.0, "percent_covered_display": "100", "missing_lines": 0, "excluded_lines": 0}, "missing_lines": [], "excluded_lines": []}, "JobStatusResponse": {"executed_lines": [], "summary": {"covered_lines": 0, "num_statements": 0, "percent_covered": 100.0, "percent_covered_display": "100", "missing_lines": 0, "excluded_lines": 0}, "missing_lines": [], "excluded_lines": []}, "JobProgressResponse": {"executed_lines": [], "summary": {"covered_lines": 0, "num_statements": 0, "percent_covered": 100.0, "percent_covered_display": "100", "missing_lines": 0, "excluded_lines": 0}, "missing_lines": [], "excluded_lines": []}, "JobResultResponse": {"executed_lines": [], "summary": {"covered_lines": 0, "num_statements": 0, "percent_covered": 100.0, "percent_covered_display": "100", "missing_lines": 0, "excluded_lines": 0}, "missing_lines": [], "excluded_lines": []}, "TransactionCategorizationBase": {"executed_lines": [], "summary": {"covered_lines": 0, "num_statements": 0, "percent_covered": 100.0, "percent_covered_display": "100", "missing_lines": 0, "excluded_lines": 0}, "missing_lines": [], "excluded_lines": []}, "TransactionCategorizationCreate": {"executed_lines": [], "summary": {"covered_lines": 0, "num_statements": 0, "percent_covered": 100.0, "percent_covered_display": "100", "missing_lines": 0, "excluded_lines": 0}, "missing_lines": [], "excluded_lines": []}, "TransactionCategorizationUpdate": {"executed_lines": [], "summary": {"covered_lines": 0, "num_statements": 0, "percent_covered": 100.0, "percent_covered_display": "100", "missing_lines": 0, "excluded_lines": 0}, "missing_lines": [], "excluded_lines": []}, "TransactionCategorizationStatsResponse": {"executed_lines": [], "summary": {"covered_lines": 0, "num_statements": 0, "percent_covered": 100.0, "percent_covered_display": "100", "missing_lines": 0, "excluded_lines": 0}, "missing_lines": [], "excluded_lines": []}, "BulkUpdateTransactionsRequest": {"executed_lines": [], "summary": {"covered_lines": 0, "num_statements": 0, "percent_covered": 100.0, "percent_covered_display": "100", "missing_lines": 0, "excluded_lines": 0}, "missing_lines": [], "excluded_lines": []}, "BulkUpdateTransactionsResponse": {"executed_lines": [], "summary": {"covered_lines": 0, "num_statements": 0, "percent_covered": 100.0, "percent_covered_display": "100", "missing_lines": 0, "excluded_lines": 0}, "missing_lines": [], "excluded_lines": []}, "CategorizationResponse": {"executed_lines": [], "summary": {"covered_lines": 0, "num_statements": 0, "percent_covered": 100.0, "percent_covered_display": "100", "missing_lines": 0, "excluded_lines": 0}, "missing_lines": [], "excluded_lines": []}, "": {"executed_lines": [1, 2, 3, 4, 6, 7, 8, 9, 10, 13, 14, 17, 18, 21, 22, 25, 26, 27, 28, 30, 33, 34, 35, 37, 40, 41, 44, 45, 48, 49, 52, 53, 54, 56, 59, 60, 61, 63, 66, 67, 68, 69, 72, 73, 74, 77, 78, 79, 82, 83, 84, 85, 86, 87, 88, 89, 90, 91, 92, 93, 94, 95, 96, 98, 100, 101, 102, 108, 109, 110, 111, 112, 113, 114, 117, 118, 119, 120, 121, 124, 125, 126, 127, 128, 129, 130, 131, 132, 135, 136, 137, 138, 139, 140, 142, 145, 146, 147, 148, 150, 152, 153, 157, 158, 160, 163, 164, 165, 166, 168, 171, 172, 173, 174, 175, 178, 179, 180, 181, 182, 183, 184, 185, 187, 188, 189, 190, 191, 192, 193, 195, 198, 199, 200, 201, 202, 203, 206, 207, 208, 209, 210, 211, 213, 216, 217, 218, 219, 220, 221, 224, 225, 226, 227, 230, 232, 235, 236, 237, 238, 239, 241, 244, 245, 246, 249, 250, 253, 254, 255, 256, 257, 258, 259, 260, 261, 263, 266, 267, 268, 269, 270, 271, 273, 276, 277, 278, 279, 282, 283, 284, 287, 288, 289, 290, 291, 292, 294, 297, 298, 299, 300, 301, 302, 303, 305, 308, 309, 310, 313, 314, 315, 318, 319, 322, 323, 327, 328, 330, 331, 332, 333, 334, 335, 336, 337, 339, 342, 343, 345, 346, 347, 348, 349, 351, 354, 355, 357, 358, 359, 360, 362, 366, 367, 368, 369, 372, 373, 376, 377, 380, 381, 382, 383, 384, 386, 389, 390, 391, 394, 395, 396, 399, 400, 401, 402, 404], "summary": {"covered_lines": 264, "num_statements": 264, "percent_covered": 100.0, "percent_covered_display": "100", "missing_lines": 0, "excluded_lines": 0}, "missing_lines": [], "excluded_lines": []}}}, "app/app.py": {"executed_lines": [1, 3, 5, 6, 7, 8, 9, 10, 13, 14, 15, 18, 19, 23, 24, 25, 26, 27, 28, 29, 30], "summary": {"covered_lines": 21, "num_statements": 23, "percent_covered": 91.30434782608695, "percent_covered_display": "91", "missing_lines": 2, "excluded_lines": 0}, "missing_lines": [16, 20], "excluded_lines": [], "functions": {"register_root_routes": {"executed_lines": [15, 18, 19], "summary": {"covered_lines": 3, "num_statements": 3, "percent_covered": 100.0, "percent_covered_display": "100", "missing_lines": 0, "excluded_lines": 0}, "missing_lines": [], "excluded_lines": []}, "register_root_routes.root": {"executed_lines": [], "summary": {"covered_lines": 0, "num_statements": 1, "percent_covered": 0.0, "percent_covered_display": "0", "missing_lines": 1, "excluded_lines": 0}, "missing_lines": [16], "excluded_lines": []}, "register_root_routes.health_check": {"executed_lines": [], "summary": {"covered_lines": 0, "num_statements": 1, "percent_covered": 0.0, "percent_covered_display": "0", "missing_lines": 1, "excluded_lines": 0}, "missing_lines": [20], "excluded_lines": []}, "register_app_routes": {"executed_lines": [24, 25, 26, 27, 28, 29, 30], "summary": {"covered_lines": 7, "num_statements": 7, "percent_covered": 100.0, "percent_covered_display": "100", "missing_lines": 0, "excluded_lines": 0}, "missing_lines": [], "excluded_lines": []}, "": {"executed_lines": [1, 3, 5, 6, 7, 8, 9, 10, 13, 14, 23], "summary": {"covered_lines": 11, "num_statements": 11, "percent_covered": 100.0, "percent_covered_display": "100", "missing_lines": 0, "excluded_lines": 0}, "missing_lines": [], "excluded_lines": []}}, "classes": {"": {"executed_lines": [1, 3, 5, 6, 7, 8, 9, 10, 13, 14, 15, 18, 19, 23, 24, 25, 26, 27, 28, 29, 30], "summary": {"covered_lines": 21, "num_statements": 23, "percent_covered": 91.30434782608695, "percent_covered_display": "91", "missing_lines": 2, "excluded_lines": 0}, "missing_lines": [16, 20], "excluded_lines": []}}}, "app/common/json_utils.py": {"executed_lines": [1, 4, 8, 9, 10, 11, 12], "summary": {"covered_lines": 7, "num_statements": 8, "percent_covered": 87.5, "percent_covered_display": "88", "missing_lines": 1, "excluded_lines": 0}, "missing_lines": [5], "excluded_lines": [], "functions": {"is_json": {"executed_lines": [], "summary": {"covered_lines": 0, "num_statements": 1, "percent_covered": 0.0, "percent_covered_display": "0", "missing_lines": 1, "excluded_lines": 0}, "missing_lines": [5], "excluded_lines": []}, "sanitize_json": {"executed_lines": [9, 10, 11, 12], "summary": {"covered_lines": 4, "num_statements": 4, "percent_covered": 100.0, "percent_covered_display": "100", "missing_lines": 0, "excluded_lines": 0}, "missing_lines": [], "excluded_lines": []}, "": {"executed_lines": [1, 4, 8], "summary": {"covered_lines": 3, "num_statements": 3, "percent_covered": 100.0, "percent_covered_display": "100", "missing_lines": 0, "excluded_lines": 0}, "missing_lines": [], "excluded_lines": []}}, "classes": {"": {"executed_lines": [1, 4, 8, 9, 10, 11, 12], "summary": {"covered_lines": 7, "num_statements": 8, "percent_covered": 87.5, "percent_covered_display": "88", "missing_lines": 1, "excluded_lines": 0}, "missing_lines": [5], "excluded_lines": []}}}, "app/common/text_normalization.py": {"executed_lines": [1, 6, 7, 10, 27, 28, 31, 34, 38, 41, 42, 45, 48, 49, 50, 53, 55], "summary": {"covered_lines": 16, "num_statements": 16, "percent_covered": 100.0, "percent_covered_display": "100", "missing_lines": 0, "excluded_lines": 0}, "missing_lines": [], "excluded_lines": [], "functions": {"normalize_description": {"executed_lines": [27, 28, 31, 34, 38, 41, 42, 45, 48, 49, 50, 53, 55], "summary": {"covered_lines": 13, "num_statements": 13, "percent_covered": 100.0, "percent_covered_display": "100", "missing_lines": 0, "excluded_lines": 0}, "missing_lines": [], "excluded_lines": []}, "": {"executed_lines": [1, 6, 7, 10], "summary": {"covered_lines": 3, "num_statements": 3, "percent_covered": 100.0, "percent_covered_display": "100", "missing_lines": 0, "excluded_lines": 0}, "missing_lines": [], "excluded_lines": []}}, "classes": {"": {"executed_lines": [1, 6, 7, 10, 27, 28, 31, 34, 38, 41, 42, 45, 48, 49, 50, 53, 55], "summary": {"covered_lines": 16, "num_statements": 16, "percent_covered": 100.0, "percent_covered_display": "100", "missing_lines": 0, "excluded_lines": 0}, "missing_lines": [], "excluded_lines": []}}}, "app/core/config.py": {"executed_lines": [1, 2, 4, 5, 8, 9, 12, 13, 14, 17, 20, 27, 28, 29, 32, 33, 36, 37, 39, 45], "summary": {"covered_lines": 20, "num_statements": 20, "percent_covered": 100.0, "percent_covered_display": "100", "missing_lines": 0, "excluded_lines": 0}, "missing_lines": [], "excluded_lines": [], "functions": {"": {"executed_lines": [1, 2, 4, 5, 8, 9, 12, 13, 14, 17, 20, 27, 28, 29, 32, 33, 36, 37, 39, 45], "summary": {"covered_lines": 20, "num_statements": 20, "percent_covered": 100.0, "percent_covered_display": "100", "missing_lines": 0, "excluded_lines": 0}, "missing_lines": [], "excluded_lines": []}}, "classes": {"Settings": {"executed_lines": [], "summary": {"covered_lines": 0, "num_statements": 0, "percent_covered": 100.0, "percent_covered_display": "100", "missing_lines": 0, "excluded_lines": 0}, "missing_lines": [], "excluded_lines": []}, "": {"executed_lines": [1, 2, 4, 5, 8, 9, 12, 13, 14, 17, 20, 27, 28, 29, 32, 33, 36, 37, 39, 45], "summary": {"covered_lines": 20, "num_statements": 20, "percent_covered": 100.0, "percent_covered_display": "100", "missing_lines": 0, "excluded_lines": 0}, "missing_lines": [], "excluded_lines": []}}}, "app/core/database.py": {"executed_lines": [1, 2, 4, 6, 8, 10], "summary": {"covered_lines": 6, "num_statements": 6, "percent_covered": 100.0, "percent_covered_display": "100", "missing_lines": 0, "excluded_lines": 0}, "missing_lines": [], "excluded
[...]
egorize": {"executed_lines": [36, 37, 40, 41, 43, 44, 54, 55, 56, 60, 61, 66, 67, 68, 78, 89, 90, 92, 93, 94, 95, 96, 98, 101, 103, 104, 105, 109, 111, 116, 117, 126, 135, 144, 146, 147, 148], "summary": {"covered_lines": 37, "num_statements": 37, "percent_covered": 100.0, "percent_covered_display": "100", "missing_lines": 0, "excluded_lines": 0}, "missing_lines": [], "excluded_lines": []}, "LLMTransactionCategorizer.refresh_rules": {"executed_lines": [159, 160], "summary": {"covered_lines": 2, "num_statements": 2, "percent_covered": 100.0, "percent_covered_display": "100", "missing_lines": 0, "excluded_lines": 0}, "missing_lines": [], "excluded_lines": []}, "": {"executed_lines": [1, 2, 3, 4, 6, 7, 8, 9, 10, 11, 12, 14, 17, 18, 19, 20, 21, 24, 25, 34, 158], "summary": {"covered_lines": 21, "num_statements": 21, "percent_covered": 100.0, "percent_covered_display": "100", "missing_lines": 0, "excluded_lines": 0}, "missing_lines": [], "excluded_lines": []}}, "classes": {"LLMCategorizationResult": {"executed_lines": [], "summary": {"covered_lines": 0, "num_statements": 0, "percent_covered": 100.0, "percent_covered_display": "100", "missing_lines": 0, "excluded_lines": 0}, "missing_lines": [], "excluded_lines": []}, "LLMTransactionCategorizer": {"executed_lines": [30, 31, 32, 36, 37, 40, 41, 43, 44, 54, 55, 56, 60, 61, 66, 67, 68, 78, 89, 90, 92, 93, 94, 95, 96, 98, 101, 103, 104, 105, 109, 111, 116, 117, 126, 135, 144, 146, 147, 148, 159, 160], "summary": {"covered_lines": 42, "num_statements": 42, "percent_covered": 100.0, "percent_covered_display": "100", "missing_lines": 0, "excluded_lines": 0}, "missing_lines": [], "excluded_lines": []}, "": {"executed_lines": [1, 2, 3, 4, 6, 7, 8, 9, 10, 11, 12, 14, 17, 18, 19, 20, 21, 24, 25, 34, 158], "summary": {"covered_lines": 21, "num_statements": 21, "percent_covered": 100.0, "percent_covered_display": "100", "missing_lines": 0, "excluded_lines": 0}, "missing_lines": [], "excluded_lines": []}}}, "app/services/transaction_categorization/simple_transaction_categorizer.py": {"executed_lines": [1, 3, 4, 5, 6, 9, 10, 11, 13, 15, 16, 18, 29, 30], "summary": {"covered_lines": 14, "num_statements": 14, "percent_covered": 100.0, "percent_covered_display": "100", "missing_lines": 0, "excluded_lines": 0}, "missing_lines": [], "excluded_lines": [], "functions": {"SimpleTransactionCategorizer.__init__": {"executed_lines": [11], "summary": {"covered_lines": 1, "num_statements": 1, "percent_covered": 100.0, "percent_covered_display": "100", "missing_lines": 0, "excluded_lines": 0}, "missing_lines": [], "excluded_lines": []}, "SimpleTransactionCategorizer.categorize": {"executed_lines": [15, 16, 18, 29, 30], "summary": {"covered_lines": 5, "num_statements": 5, "percent_covered": 100.0, "percent_covered_display": "100", "missing_lines": 0, "excluded_lines": 0}, "missing_lines": [], "excluded_lines": []}, "": {"executed_lines": [1, 3, 4, 5, 6, 9, 10, 13], "summary": {"covered_lines": 8, "num_statements": 8, "percent_covered": 100.0, "percent_covered_display": "100", "missing_lines": 0, "excluded_lines": 0}, "missing_lines": [], "excluded_lines": []}}, "classes": {"SimpleTransactionCategorizer": {"executed_lines": [11, 15, 16, 18, 29, 30], "summary": {"covered_lines": 6, "num_statements": 6, "percent_covered": 100.0, "percent_covered_display": "100", "missing_lines": 0, "excluded_lines": 0}, "missing_lines": [], "excluded_lines": []}, "": {"executed_lines": [1, 3, 4, 5, 6, 9, 10, 13], "summary": {"covered_lines": 8, "num_statements": 8, "percent_covered": 100.0, "percent_covered_display": "100", "missing_lines": 0, "excluded_lines": 0}, "missing_lines": [], "excluded_lines": []}}}, "app/services/transaction_categorization/transaction_categorization.py": {"executed_lines": [1, 2, 3, 4, 5, 7, 8, 9, 10, 11, 12, 13, 15, 18, 19, 25, 26, 27, 29, 30, 32, 33, 35, 37, 38, 39, 40, 41, 42, 44, 45, 47, 54, 135, 261], "summary": {"covered_lines": 35, "num_statements": 135, "percent_covered": 25.925925925925927, "percent_covered_display": "26", "missing_lines": 100, "excluded_lines": 0}, "missing_lines": [71, 72, 74, 75, 82, 84, 85, 86, 89, 91, 93, 94, 101, 104, 105, 106, 107, 108, 109, 110, 111, 112, 115, 118, 120, 127, 133, 143, 145, 146, 147, 150, 151, 153, 155, 157, 158, 161, 162, 163, 164, 166, 168, 169, 170, 171, 172, 175, 176, 177, 178, 181, 184, 186, 189, 190, 195, 199, 202, 204, 208, 209, 217, 218, 220, 221, 222, 223, 226, 227, 228, 229, 230, 231, 233, 235, 236, 237, 238, 239, 240, 243, 245, 247, 248, 250, 251, 252, 253, 254, 255, 256, 257, 259, 263, 264, 265, 266, 267, 268], "excluded_lines": [], "functions": {"TransactionCategorizationService.__init__": {"executed_lines": [25, 26, 27], "summary": {"covered_lines": 3, "num_statements": 3, "percent_covered": 100.0, "percent_covered_display": "100", "missing_lines": 0, "excluded_lines": 0}, "missing_lines": [], "excluded_lines": []}, "TransactionCategorizationService.process_uncategorized_transactions_detailed": {"executed_lines": [30, 32, 33, 35, 37, 38, 39, 40, 41, 42, 44, 45, 47], "summary": {"covered_lines": 13, "num_statements": 13, "percent_covered": 100.0, "percent_covered_display": "100", "missing_lines": 0, "excluded_lines": 0}, "missing_lines": [], "excluded_lines": []}, "TransactionCategorizationService.categorize_batch_by_ids": {"executed_lines": [], "summary": {"covered_lines": 0, "num_statements": 27, "percent_covered": 0.0, "percent_covered_display": "0", "missing_lines": 27, "excluded_lines": 0}, "missing_lines": [71, 72, 74, 75, 82, 84, 85, 86, 89, 91, 93, 94, 101, 104, 105, 106, 107, 108, 109, 110, 111, 112, 115, 118, 120, 127, 133], "excluded_lines": []}, "TransactionCategorizationService._categorize_transaction_batch_by_ids": {"executed_lines": [], "summary": {"covered_lines": 0, "num_statements": 67, "percent_covered": 0.0, "percent_covered_display": "0", "missing_lines": 67, "excluded_lines": 0}, "missing_lines": [143, 145, 146, 147, 150, 151, 153, 155, 157, 158, 161, 162, 163, 164, 166, 168, 169, 170, 171, 172, 175, 176, 177, 178, 181, 184, 186, 189, 190, 195, 199, 202, 204, 208, 209, 217, 218, 220, 221, 222, 223, 226, 227, 228, 229, 230, 231, 233, 235, 236, 237, 238, 239, 240, 243, 245, 247, 248, 250, 251, 252, 253, 254, 255, 256, 257, 259], "excluded_lines": []}, "TransactionCategorizationService._get_transactions_by_ids": {"executed_lines": [], "summary": {"covered_lines": 0, "num_statements": 6, "percent_covered": 0.0, "percent_covered_display": "0", "missing_lines": 6, "excluded_lines": 0}, "missing_lines": [263, 264, 265, 266, 267, 268], "excluded_lines": []}, "": {"executed_lines": [1, 2, 3, 4, 5, 7, 8, 9, 10, 11, 12, 13, 15, 18, 19, 29, 54, 135, 261], "summary": {"covered_lines": 19, "num_statements": 19, "percent_covered": 100.0, "percent_covered_display": "100", "missing_lines": 0, "excluded_lines": 0}, "missing_lines": [], "excluded_lines": []}}, "classes": {"TransactionCategorizationService": {"executed_lines": [25, 26, 27, 30, 32, 33, 35, 37, 38, 39, 40, 41, 42, 44, 45, 47], "summary": {"covered_lines": 16, "num_statements": 116, "percent_covered": 13.793103448275861, "percent_covered_display": "14", "missing_lines": 100, "excluded_lines": 0}, "missing_lines": [71, 72, 74, 75, 82, 84, 85, 86, 89, 91, 93, 94, 101, 104, 105, 106, 107, 108, 109, 110, 111, 112, 115, 118, 120, 127, 133, 143, 145, 146, 147, 150, 151, 153, 155, 157, 158, 161, 162, 163, 164, 166, 168, 169, 170, 171, 172, 175, 176, 177, 178, 181, 184, 186, 189, 190, 195, 199, 202, 204, 208, 209, 217, 218, 220, 221, 222, 223, 226, 227, 228, 229, 230, 231, 233, 235, 236, 237, 238, 239, 240, 243, 245, 247, 248, 250, 251, 252, 253, 254, 255, 256, 257, 259, 263, 264, 265, 266, 267, 268], "excluded_lines": []}, "": {"executed_lines": [1, 2, 3, 4, 5, 7, 8, 9, 10, 11, 12, 13, 15, 18, 19, 29, 54, 135, 261], "summary": {"covered_lines": 19, "num_statements": 19, "percent_covered": 100.0, "percent_covered_display": "100", "missing_lines": 0, "excluded_lines": 0}, "missing_lines": [], "excluded_lines": []}}}, "app/services/transaction_categorization_management.py": {"executed_lines": [1, 2, 4, 5, 8, 9, 14, 15, 17, 72, 76, 115, 157, 169, 173, 177], "summary": {"covered_lines": 15, "num_statements": 60, "percent_covered": 25.0, "percent_covered_display": "25", "missing_lines": 45, "excluded_lines": 0}, "missing_lines": [43, 44, 46, 47, 48, 49, 52, 53, 54, 55, 57, 58, 59, 60, 62, 74, 97, 98, 99, 101, 102, 105, 106, 107, 109, 138, 139, 140, 142, 143, 146, 147, 148, 150, 167, 171, 175, 184, 185, 187, 188, 189, 190, 191, 193], "excluded_lines": [], "functions": {"TransactionCategorizationManagementService.__init__": {"executed_lines": [15], "summary": {"covered_lines": 1, "num_statements": 1, "percent_covered": 100.0, "percent_covered_display": "100", "missing_lines": 0, "excluded_lines": 0}, "missing_lines": [], "excluded_lines": []}, "TransactionCategorizationManagementService.get_rules_paginated": {"executed_lines": [], "summary": {"covered_lines": 0, "num_statements": 15, "percent_covered": 0.0, "percent_covered_display": "0", "missing_lines": 15, "excluded_lines": 0}, "missing_lines": [43, 44, 46, 47, 48, 49, 52, 53, 54, 55, 57, 58, 59, 60, 62], "excluded_lines": []}, "TransactionCategorizationManagementService.get_rule_by_id": {"executed_lines": [], "summary": {"covered_lines": 0, "num_statements": 1, "percent_covered": 0.0, "percent_covered_display": "0", "missing_lines": 1, "excluded_lines": 0}, "missing_lines": [74], "excluded_lines": []}, "TransactionCategorizationManagementService.create_rule": {"executed_lines": [], "summary": {"covered_lines": 0, "num_statements": 9, "percent_covered": 0.0, "percent_covered_display": "0", "missing_lines": 9, "excluded_lines": 0}, "missing_lines": [97, 98, 99, 101, 102, 105, 106, 107, 109], "excluded_lines": []}, "TransactionCategorizationManagementService.update_rule": {"executed_lines": [], "summary": {"covered_lines": 0, "num_statements": 9, "percent_covered": 0.0, "percent_covered_display": "0", "missing_lines": 9, "excluded_lines": 0}, "missing_lines": [138, 139, 140, 142, 143, 146, 147, 148, 150], "excluded_lines": []}, "TransactionCategorizationManagementService.delete_rule": {"executed_lines": [], "summary": {"covered_lines": 0, "num_statements": 1, "percent_covered": 0.0, "percent_covered_display": "0", "missing_lines": 1, "excluded_lines": 0}, "missing_lines": [167], "excluded_lines": []}, "TransactionCategorizationManagementService.get_statistics": {"executed_lines": [], "summary": {"covered_lines": 0, "num_statements": 1, "percent_covered": 0.0, "percent_covered_display": "0", "missing_lines": 1, "excluded_lines": 0}, "missing_lines": [171], "excluded_lines": []}, "TransactionCategorizationManagementService.get_enhanced_statistics": {"executed_lines": [], "summary": {"covered_lines": 0, "num_statements": 1, "percent_covered": 0.0, "percent_covered_display": "0", "missing_lines": 1, "excluded_lines": 0}, "missing_lines": [175], "excluded_lines": []}, "TransactionCategorizationManagementService.bulk_delete_unused_rules": {"executed_lines": [], "summary": {"covered_lines": 0, "num_statements": 8, "percent_covered": 0.0, "percent_covered_display": "0", "missing_lines": 8, "excluded_lines": 0}, "missing_lines": [184, 185, 187, 188, 189, 190, 191, 193], "excluded_lines": []}, "": {"executed_lines": [1, 2, 4, 5, 8, 9, 14, 17, 72, 76, 115, 157, 169, 173, 177], "summary": {"covered_lines": 14, "num_statements": 14, "percent_covered": 100.0, "percent_covered_display": "100", "missing_lines": 0, "excluded_lines": 0}, "missing_lines": [], "excluded_lines": []}}, "classes": {"TransactionCategorizationManagementService": {"executed_lines": [15], "summary": {"covered_lines": 1, "num_statements": 46, "percent_covered": 2.1739130434782608, "percent_covered_display": "2", "missing_lines": 45, "excluded_lines": 0}, "missing_lines": [43, 44, 46, 47, 48, 49, 52, 53, 54, 55, 57, 58, 59, 60, 62, 74, 97, 98, 99, 101, 102, 105, 106, 107, 109, 138, 139, 140, 142, 143, 146, 147, 148, 150, 167, 171, 175, 184, 185, 187, 188, 189, 190, 191, 193], "excluded_lines": []}, "": {"executed_lines": [1, 2, 4, 5, 8, 9, 14, 17, 72, 76, 115, 157, 169, 173, 177], "summary": {"covered_lines": 14, "num_statements": 14, "percent_covered": 100.0, "percent_covered_display": "100", "missing_lines": 0, "excluded_lines": 0}, "missing_lines": [], "excluded_lines": []}}}, "app/services/transaction_processing_orchestrator.py": {"executed_lines": [1, 2, 3, 4, 6, 7, 8, 9, 10, 11, 13, 16, 17, 29, 35, 36, 37, 39, 46, 49, 50, 58, 61, 62, 64, 69, 72, 73, 75, 76, 78, 79, 80, 83, 85, 86, 89, 90, 93, 94, 95, 96, 99, 100, 101, 104, 107, 115, 120, 122, 128, 131, 141, 145, 147, 149, 151, 152, 154, 159, 162, 163, 165, 166, 176, 177, 178, 181, 182, 183, 187, 188, 193, 196, 205, 210, 212, 214], "summary": {"covered_lines": 77, "num_statements": 83, "percent_covered": 92.7710843373494, "percent_covered_display": "93", "missing_lines": 6, "excluded_lines": 0}, "missing_lines": [132, 168, 169, 170, 172, 173], "excluded_lines": [], "functions": {"TransactionProcessingOrchestrator.__init__": {"executed_lines": [35, 36, 37], "summary": {"covered_lines": 3, "num_statements": 3, "percent_covered": 100.0, "percent_covered_display": "100", "missing_lines": 0, "excluded_lines": 0}, "missing_lines": [], "excluded_lines": []}, "TransactionProcessingOrchestrator.process_transactions": {"executed_lines": [46, 49, 50, 58, 61, 62, 64, 69, 72, 73, 75, 76, 78, 79, 80, 83, 85, 86, 89, 90, 93, 94, 95, 96, 99, 100, 101, 104, 107, 115, 120], "summary": {"covered_lines": 31, "num_statements": 31, "percent_covered": 100.0, "percent_covered_display": "100", "missing_lines": 0, "excluded_lines": 0}, "missing_lines": [], "excluded_lines": []}, "TransactionProcessingOrchestrator.process_transaction_dtos": {"executed_lines": [128, 131, 141, 145, 147, 149, 151, 152, 154, 159, 162, 163, 165, 166, 176, 177, 178, 181, 182, 183, 187, 188, 193, 196, 205, 210], "summary": {"covered_lines": 26, "num_statements": 32, "percent_covered": 81.25, "percent_covered_display": "81", "missing_lines": 6, "excluded_lines": 0}, "missing_lines": [132, 168, 169, 170, 172, 173], "excluded_lines": []}, "TransactionProcessingOrchestrator.get_background_job_info": {"executed_lines": [214], "summary": {"covered_lines": 1, "num_statements": 1, "percent_covered": 100.0, "percent_covered_display": "100", "missing_lines": 0, "excluded_lines": 0}, "missing_lines": [], "excluded_lines": []}, "": {"executed_lines": [1, 2, 3, 4, 6, 7, 8, 9, 10, 11, 13, 16, 17, 29, 39, 122, 212], "summary": {"covered_lines": 16, "num_statements": 16, "percent_covered": 100.0, "percent_covered_display": "100", "missing_lines": 0, "excluded_lines": 0}, "missing_lines": [], "excluded_lines": []}}, "classes": {"TransactionProcessingOrchestrator": {"executed_lines": [35, 36, 37, 46, 49, 50, 58, 61, 62, 64, 69, 72, 73, 75, 76, 78, 79, 80, 83, 85, 86, 89, 90, 93, 94, 95, 96, 99, 100, 101, 104, 107, 115, 120, 128, 131, 141, 145, 147, 149, 151, 152, 154, 159, 162, 163, 165, 166, 176, 177, 178, 181, 182, 183, 187, 188, 193, 196, 205, 210, 214], "summary": {"covered_lines": 61, "num_statements": 67, "percent_covered": 91.04477611940298, "percent_covered_display": "91", "missing_lines": 6, "excluded_lines": 0}, "missing_lines": [132, 168, 169, 170, 172, 173], "excluded_lines": []}, "": {"executed_lines": [1, 2, 3, 4, 6, 7, 8, 9, 10, 11, 13, 16, 17, 29, 39, 122, 212], "summary": {"covered_lines": 16, "num_statements": 16, "percent_covered": 100.0, "percent_covered_display": "100", "missing_lines": 0, "excluded_lines": 0}, "missing_lines": [], "excluded_lines": []}}}, "app/workers/__init__.py": {"executed_lines": [0], "summary": {"covered_lines": 0, "num_statements": 0, "percent_covered": 100.0, "percent_covered_display": "100", "missing_lines": 0, "excluded_lines": 0}, "missing_lines": [], "excluded_lines": [], "functions": {"": {"executed_lines": [], "summary": {"covered_lines": 0, "num_statements": 0, "percent_covered": 100.0, "percent_covered_display": "100", "missing_lines": 0, "excluded_lines": 0}, "missing_lines": [], "excluded_lines": []}}, "classes": {"": {"executed_lines": [], "summary": {"covered_lines": 0, "num_statements": 0, "percent_covered": 100.0, "percent_covered_display": "100", "missing_lines": 0, "excluded_lines": 0}, "missing_lines": [], "excluded_lines": []}}}, "app/workers/job_processor.py": {"executed_lines": [1, 2, 4, 5, 7, 10, 11, 18, 19, 21, 28, 30, 32, 34, 36, 37, 40, 41, 42, 44, 45, 46, 48, 49, 50, 53, 55, 56, 58, 61, 62, 66, 72, 74, 75, 79, 82, 89, 91, 97, 98, 99, 101, 109, 111, 112, 118, 130, 131], "summary": {"covered_lines": 48, "num_statements": 55, "percent_covered": 87.27272727272727, "percent_covered_display": "87", "missing_lines": 7, "excluded_lines": 0}, "missing_lines": [64, 76, 105, 106, 107, 113, 114], "excluded_lines": [], "functions": {"JobProcessor.__init__": {"executed_lines": [19], "summary": {"covered_lines": 1, "num_statements": 1, "percent_covered": 100.0, "percent_covered_display": "100", "missing_lines": 0, "excluded_lines": 0}, "missing_lines": [], "excluded_lines": []}, "JobProcessor.process_pending_jobs": {"executed_lines": [28, 30, 32, 34, 36, 37, 40, 41, 42, 44, 45, 46, 48, 49, 50, 53, 55, 56], "summary": {"covered_lines": 18, "num_statements": 18, "percent_covered": 100.0, "percent_covered_display": "100", "missing_lines": 0, "excluded_lines": 0}, "missing_lines": [], "excluded_lines": []}, "JobProcessor._process_single_job_by_id": {"executed_lines": [61, 62], "summary": {"covered_lines": 2, "num_statements": 3, "percent_covered": 66.66666666666667, "percent_covered_display": "67", "missing_lines": 1, "excluded_lines": 0}, "missing_lines": [64], "excluded_lines": []}, "JobProcessor._process_ai_categorization_job_by_id": {"executed_lines": [72, 74, 75, 79, 82, 89, 91, 97, 98, 99], "summary": {"covered_lines": 10, "num_statements": 11, "percent_covered": 90.9090909090909, "percent_covered_display": "91", "missing_lines": 1, "excluded_lines": 0}, "missing_lines": [76], "excluded_lines": []}, "JobProcessor._process_ai_categorization_job": {"executed_lines": [], "summary": {"covered_lines": 0, "num_statements": 3, "percent_covered": 0.0, "percent_covered_display": "0", "missing_lines": 3, "excluded_lines": 0}, "missing_lines": [105, 106, 107], "excluded_lines": []}, "JobProcessor._mark_job_failed_by_id": {"executed_lines": [111, 112], "summary": {"covered_lines": 2, "num_statements": 4, "percent_covered": 50.0, "percent_covered_display": "50", "missing_lines": 2, "excluded_lines": 0}, "missing_lines": [113, 114], "excluded_lines": []}, "process_pending_jobs": {"executed_lines": [130, 131], "summary": {"covered_lines": 2, "num_statements": 2, "percent_covered": 100.0, "percent_covered_display": "100", "missing_lines": 0, "excluded_lines": 0}, "missing_lines": [], "excluded_lines": []}, "": {"executed_lines": [1, 2, 4, 5, 7, 10, 11, 18, 21, 58, 66, 101, 109, 118], "summary": {"covered_lines": 13, "num_statements": 13, "percent_covered": 100.0, "percent_covered_display": "100", "missing_lines": 0, "excluded_lines": 0}, "missing_lines": [], "excluded_lines": []}}, "classes": {"JobProcessor": {"executed_lines": [19, 28, 30, 32, 34, 36, 37, 40, 41, 42, 44, 45, 46, 48, 49, 50, 53, 55, 56, 61, 62, 72, 74, 75, 79, 82, 89, 91, 97, 98, 99, 111, 112], "summary": {"covered_lines": 33, "num_statements": 40, "percent_covered": 82.5, "percent_covered_display": "82", "missing_lines": 7, "excluded_lines": 0}, "missing_lines": [64, 76, 105, 106, 107, 113, 114], "excluded_lines": []}, "": {"executed_lines": [1, 2, 4, 5, 7, 10, 11, 18, 21, 58, 66, 101, 109, 118, 130, 131], "summary": {"covered_lines": 15, "num_statements": 15, "percent_covered": 100.0, "percent_covered_display": "100", "missing_lines": 0, "excluded_lines": 0}, "missing_lines": [], "excluded_lines": []}}}}, "totals": {"covered_lines": 2280, "num_statements": 3091, "percent_covered": 73.76253639598835, "percent_covered_display": "74", "missing_lines": 811, "excluded_lines": 0}}